P1005OB7xx_07.26
2050;1;"Assertion failed: %1 line %2"
2050;10;"Can't add int-value '%1.%2'"
2050;11;"Can't add uint-value '%1.%2'"
2050;12;"Can't add real-value '%1.%2'"
2050;13;"Can't add string-value '%1.%2'"
2050;14;"Can't add interface '%1.%2'"
2050;20;"Can't read int-value '%1.%2'"
2050;21;"Can't read uint-value '%1.%2'"
2050;22;"Can't read real-value '%1.%2'"
2050;23;"Can't read string-value '%1.%2'"
2050;24;"Can't read interface: '%1.%2'"
2050;30;"Can't write int-value '%1.%2'"
2050;31;"Can't write uint-value '%1.%2'"
2050;32;"Can't write real-value '%1.%2'"
2050;33;"Can't write string-value '%1.%2'"
2050;40;"Int-value '%1.%2' out of range [%3..%4]"
2050;41;"Uint-value '%1.%2' out of range [%3..%4]"
2050;42;"Real-value '%1.%2' out of range [%3..%4]"
2050;43;"String-value '%1.%2' size error"
2050;44;"Interface-table '%1.%2' size error"
2050;45;"ShMemWrite Error received from [Station: %1] [Nr: %2]"
2050;46;"RecvShMemWrite Error wrong Hdl [Hdl: %1] [Offs: %2] [Size: %3]"
2050;1001;"Exception"
2050;1002;"Divide Error (bp=%1, pc=%2, regs=%3)"
2050;1003;"Debug Exception (bp=%1, pc=%2, regs=%3)"
2050;1004;"Non Maskable Interrupt (NMI) (bp=%1, pc=%2, regs=%3)"
2050;1005;"Breakpoint Exception (bp=%1, pc=%2, regs=%3)"
2050;1006;"Overflow Exception (bp=%1, pc=%2, regs=%3)"
2050;1007;"Bound Exception (bp=%1, pc=%2, regs=%3)"
2050;1008;"Invalid Opcode Exception (bp=%1, pc=%2, regs=%3)"
2050;1009;"FP NoDevice Exception"
2050;1010;"Double Fault Exception"
2050;1011;"FP Overrun Exception (bp=%1, pc=%2, regs=%3)"
2050;1012;"Invalid TSS Exception (bp=%1, pc=%2, regs=%3)"
2050;1013;"No Segment Exception (bp=%1, pc=%2, regs=%3)"
2050;1014;"Stack Exception (bp=%1, pc=%2, regs=%3)"
2050;1015;"General Protection Exception (bp=%1, pc=%2, regs=%3)"
2050;1016;"Page Fault (bp=%1, pc=%2, regs=%3)"
2050;1017;"Reserved Exception (bp=%1, pc=%2, regs=%3)"
2050;1018;"FP Error (bp=%1, pc=%2, regs=%3)"
2050;1019;"Bus Alignment Exception (bp=%1, pc=%2, regs=%3)"
2050;1020;"Task Stack exceeded"
2050;1021;"System function called in interrupt"
2050;1022;"Exception"
2110;100;"Target Hardware %1 not supported yet"
2110;101;"component KBus not linked yet"
2110;102;"intLine %1 not defined"
2110;103;"invalid Target Hardware %1"
2110;104;"intLine %1 out of range"
2110;105;"UOSIntID %1 out of range"
2110;106;"no intLine found for UOSIntID %1"
2110;200;"open Event %1 failed, last error %2"
2110;201;"close EventHandle %1 failed, last error %2"
2110;202;"create Event %1 failed, last error %2"
2110;203;"pulse Event %1(%2) failed, last error %3"
2110;300;"RtAttachInterruptVector(Ex) failed, intLine=%1 lastError=%2"
2110;301;"RtReleaseInterruptVector(Ex) failed, intLine=%1 handle=%2 lastError=%3"
2115;101;"Internal error: PCI device number %1 out of range."
2115;102;"Internal error: PCI function number %1 out of range."
2115;103;"Internal error: PCI config space offset %1 out of range."
2115;104;"Internal error: PCI config space offset %1 has an invalid alignment for %2 bit access."
2115;105;"PCI device %1.%2 not found in slot %3."
2115;106;"PCI device %1.%2 in slot %3 function %4 is already connected."
2115;107;"PCI device %1.%2 in slot %3 function %4 has no interrupt line assigned."
2115;108;"Internal error: PCI access area type '%1' not supported on this platform."
2115;109;"Internal error: PCI access area '%1' out of space."
2115;110;"Internal error: Assigning access area for PCI device %1.%2 slot %3 function %4 failed (%5)."
2115;111;"Target hardware %1 not supported yet (%2)."
2115;112;"Internal error: No free EEPROM slot for PCI device %1 function %2."
2115;113;"Internal error: EEPROM access undefined for PCI device %1 function %2."
2115;114;"Internal error: 'Wait for write ready' timeout of EEPROM number %1 expired (%2 msec)."
2115;115;"Internal error: 'Wait for FPGA free' timeout of EEPROM number %1 expired (%2 msec)."
2115;116;"Internal error: EEPROM number %1 out of range."
2115;117;"Internal error: EEPROM number %1 not initialized yet."
2115;118;"Internal error: Enabling write access for EEPROM number %1 failed."
2115;119;"Internal error: 'Wait for tasklock semaphore' timeout of EEPROM number %1 expired (%2 msec)."
2115;120;"Internal error: 'Wait for hardware lock semaphore' timeout of EEPROM number %1 expired (%2 msec)."
2115;121;"Internal error: Disabling write access for EEPROM number %1 failed."
2115;122;"Internal error: EEPROM test of PCI device %1 function %2 failed."
2115;123;"Invalid hardware identifier '%1'."
2115;124;"Internal error: Invalid device definition array."
2115;125;"No device from list %1 found in slot %2."
2115;126;"Cannot use automatic slot for device %1.%2. There is more than one matching device in the system."
2115;127;"Cannot use automatic slot selection for device list %1. There is more than one matching device in the system."
2115;128;"Internal error: Creating config space image of device %1 function %2 failed."
2115;129;"Internal error: Tried to restore invalid config space image."
2115;130;"Internal error: Restoring config space image of device %1 function %2 failed"
2115;131;"Internal error: Invalid config space image handle %1 (%2)."
2115;132;"Internal error: Device %1.%2 (device %3, function %4) interrupt line %5 is not a PCI interrupt line."
2115;200;"Opening kernel driver %1 failed, last error %2."
2115;201;"Internal error: Closing kernel driver %1 failed, last error %2."
2115;202;"Internal error: Kernel driver %1 (%2) IOCTL %3 failed, last error %4"
2115;203;"Internal error: Creating event %1 failed, last error %2."
2115;204;"Internal error: Closing event %1 failed, last error %2."
2115;300;"Internal error: RtSetBusDataByOffset failed, dev=%1 func=%2 offset=%3 result=%4 lasterror=%5"
2115;301;"Internal error: RtGetBusDataByOffset failed, dev=%1 func=%2 offset=%3 result=%4 lasterror=%5"
2115;302;"Internal error: RtTranslateBusAddress failed, busAddr %1.%2 lasterror=%3"
2115;303;"Internal error: RtMapMemory failed, physAddr %1.%2 size=%3 lasterror=%4"
2115;304;"Internal error: RtUnmapMemory failed, virtAddr %1 lasterror=%2"
2115;305;"Internal error: RtEnablePortIo failed, IOAddr %1 len=%2 lasterror=%3"
2115;306;"Internal error: RtDisablePortIo failed, IOAddr %1 len=%2 lasterror=%3"
2206;1;"Component is disabled"
2206;2;"PostmortemAnalyser cannot add Interface"
2206;3;"PostmortemAnalyser FatalErrorException %1"
2206;4;"ResetCause: %1"
2206;5;"PmaState: AnalyseNOK. Analyse data failed"
2208;101;"Component Housekeeper is not initialized"
2208;102;"CallbackFunc is invalid"
2208;103;"Priority is not supported"
2208;104;"Read invalid command (%1)"
2208;105;"Signalisation of task invalid"
2208;106;"%1 action failed"
2208;107;"Cycletime (%1) incompatible with TickTime"
2208;108;"Taskconfiguration for task %1 already changed."
2211;1;"Statusreport cannot create shared memory %1"
2211;2;"Statusreport Destinationpath same as Temporarypath %1"
2211;3;"Statusreport Zip-Archive creation failed"
2211;4;"Statusreport Destination Path is invalid"
2211;5;"Statusreport Temporary Path is invalid"
2211;6;"The specified file already exists"
2211;7;"Couldn't create the temporary folder"
2211;101;"Cannot create File %1"
2211;102;"Writing of Statusreport already activated"
2211;103;"Statusreport was not initialized"
2211;104;"Shared memory %1 cannot be read"
2211;105;"Statusreport cannot add Interface"
2211;106;"Statusreport Log-File access failed"
2211;107;"Already written max amount of Statusreports"
2211;108;"Statusreport Write not available on Submasters"
2212;1;"PCB Add (part %1): name: %2, swVersion: %3, addr: %4, hwVersion: %5, hwRevision: %6, funcVar: %7"
2212;2;"PCB Add (part %1): printNr: %2, serialNr: %3, orderNr: %4, deviceNr: %5, ibnTime: %6, runTime: %7"
2212;3;"PCB Changed (part %1): name: %2, old swVersion: %3, new swVersion: %4, addr: %5, hwVersion: %6, hwRevision: %7, funcVar: %8"
2212;4;"PCB Changed (part %1): printNr: %2, serialNr: %3, orderNr: %4, deviceNr: %5, ibnTime: %6, runTime: %7"
2212;5;"PCB Remove (part %1): name: %2, swVersion: %3, addr: %4, hwVersion: %5, hwRevision: %6, funcVar: %7"
2212;6;"PCB Remove (part %1): printNr: %2, serialNr: %3, orderNr: %4, deviceNr: %5, ibnTime: %6, runTime: %7"
2212;7;"PCB Add (part %1): name: %2, swVersion: %3, addr: %4"
2212;8;"PCB Add (part %1): hwRevision: %2"
2212;9;"PCB Add (part %1): funcVar: %2"
2212;10;"PCB Add (part %1): printNr: %2, serialNr: %3"
2212;11;"PCB Changed (part %1): name: %2, addr: %3"
2212;12;"PCB Changed (part %1): old swVersion: %2, new swVersion: %3"
2212;13;"PCB Changed (part %1): hwRevision: %2"
2212;14;"PCB Changed (part %1): funcVar: %2"
2212;15;"PCB Changed (part %1): printNr: %2, serialNr: %3"
2212;16;"PCB Remove (part %1): name: %2, swVersion: %3, addr: %4"
2212;17;"PCB Remove (part %1): hwRevision: %2"
2212;18;"PCB Remove (part %1): funcVar: %2"
2212;19;"PCB Remove (part %1): printNr: %2, serialNr: %3"
2212;20;"Device: '%1' Firmware doesn't match to reference"
2212;21;"Error: Reading reference of Device '%1' failed"
2212;22;"Error: Reading Fw-Version of Device: '%1' failed"
2214;1;"Login: %1"
2214;2;"Logout: %1"
2220;1;"%1: configuration entry '%2' not found"
2220;2;"%1: configuration entry '%2' out of range, default %3"
2220;3;"%1: configuration entry '%2' not found, default %3"
2220;4;"%1: Invalid value for configuration entry '%2': %3"
2220;5;"Invalid configuration '%1'"
2220;6;"%1: No endpoints configured"
2220;7;"%1: Invalid device type '%2' detected'"
2220;10;"%1: File not found: '%2'"
2220;11;"%1: File seek error: '%2'"
2220;12;"%1: File read error: '%2'"
2220;13;"%1: File write error: '%2'"
2220;14;"%1: File incompatible: '%2'"
2220;15;"%1: Update of '%2' failed"
2220;16;"%1: Update of '%2' failed (type %3, state %4)"
2220;20;"%1: buffer overflow ('%2', '%3')"
2220;30;"memory allocation failed in: %1"
2220;50;"%1: UOS-call '%2'('%3') failed"
2220;51;"%1: Sampler-call '%2'(%3, %4) failed"
2220;52;"%1: IO-Timer-call '%2'(%3, %4) failed"
2220;53;"%1: IO-Update-call '%2'(%3, %4) failed"
2220;70;"%1: Read Low-Level-Driver-Interface failed"
2220;71;"%1: Connect to Low-Level-Driver via Interface failed"
2220;72;"%1: Disconnect from Low-Level-Driver via Interface failed"
2220;80;"%1: Too much %2-pdo's configured, pdo '%3' can't be used"
2220;81;"%1: %2-pdo '%3' already registered"
2220;82;"%1: rx-pdo-%2 has an invalid station-id '%3'"
2220;83;"%1: PDO missing"
2220;84;"%1: PDO lost"
2220;85;"%1: rx-pdo-%2 has no counterpart tx-pdo-%3 on station %4"
2220;86;"%1: rx-pdo-%2 cycle time '%3' not a multiple of tx-pdo cycle time '%4'"
2220;87;"%1: rx-pdo-%2 differs in mapping from tx-pdo-%3 on station %4"
2220;100;"%1: Parameter '%2' out of range (%3)"
2220;120;"IO: '%1'"
2220;150;"%1: Hardware not found"
2220;151;"%1: Hardware already connected ('%2')"
2220;152;"%1: Hardware conflict detected. Devices use same address: %2, %3"
2220;153;"%1: Hardware not responding"
2220;200;"%1: short circuit"
2220;201;"%1: sensor failure"
2220;202;"%1: invalid calibrate data ('%2')"
2220;203;"%1: Output Voltage missing (%2)"
2220;204;"%1: short circuit cleared"
2220;205;"%1: sensor failure cleared"
2220;206;"%1: Output Voltage o.k."
2220;207;"%1: sensor failure line %2"
2220;208;"%1: sensor failure cleared line %2"
2220;209;"%1: track error"
2220;210;"%1: nullpulse error"
2220;250;"%1: stopped"
2220;300;"%1: Connected"
2220;301;"%1: Disconnected"
2220;500;"IO-Timer: '%1' already exists (%2, %3)"
2220;501;"IO-Timer: Cycle-Time of '%1' (%2us) not multiple of System-Tick (%3us)"
2220;600;"IO-Update: Update-Cycle-Time of '%1' (%2us) not multiple of System-Tick (%3us)"
2220;601;"IO-Update: Update-Cycle-Time of '%1' (%2us) not multiple of IO-Update-Cycle-Time (%3us)"
2220;602;"IO-Update: '%1' already has been added to IO-Update"
2220;1000;"IO: Create IO-Timer failed"
2220;1001;"IO: Create IO-Update-Tasks failed"
2220;1002;"IO: Create IO-Parameter-Tasks failed"
2220;1003;"IO: Init of IO-Root-Object failed"
2220;1004;"IO: Create IO-QuitError-Tasks failed"
2220;1005;"IO: Create and init drivers failed"
2220;1006;"IO: Call Install-Function for '%1' failed"
2220;1007;"%1: Cloning of Endpoint-Types '%2' not supported"
2220;1008;"%1: Maximum number of Clones of Endpoint-Type '%2' reached (%3)"
2220;1009;"%1: Invalid clone cycle time: %2ms (cycle time of AI: %3ms)"
2220;1013;"%1: Shared memory size limit exceeded (%2)"
2220;1014;"%1: Invalid Endpoint Type: Identifier '%2', Type '%3'"
2220;1015;"%1: Endpoint '%2' already exists (%3)"
2220;1016;"%1: Unexpected size of Shared Memory '%2': %3 (expected: %4)"
2220;1017;"%1: Shared Memory already exists: '%2'"
2220;1018;"%1: Device-Name '%2' already exists (%3)"
2220;1019;"%1: Endpoint name '%2' (or part) too long"
2220;1020;"%1: Init of device '%2' failed (check configuration)"
2220;1021;"%1: data address range (%2-%3) out of process data range (%4)"
2220;1022;"%1: data address range overlap (start address %2, length %3)"
2220;6800;"ACB Callback Error: %1"
2220;12000;"%1: No Axes configured"
2220;12001;"%1: stopped"
2220;12002;"%1: Inconsistence detected"
2220;12003;"%1: Not able to operate with device firmware version %2. Update at least to %3."
2220;12004;"%1: Value '%2' is invalid for configuration entry '%3'. Default value '%4' will be used."
2220;12005;"%1: Internal error."
2220;12006;"%1: Internal Reference Sensor configured but external Reference Sensor used"
2220;12007;"%1: Using configured Reference Sensor"
2220;12008;"%1: Reference Sensor failure"
2220;12009;"%1: Reference Sensor failure cleared"
2220;12010;"%1: External Reference Sensor configured but internal Reference Sensor used"
2220;12011;"%1: Invalid reference value."
2220;12012;"%1: Reference value valid"
2220;12013;"%1: Configuration entry '%2' not found. Inherited value '%3' is not valid."
2220;12014;"%1: Value '%2' for configuration entry '%3' is out of range [%4..%5]."
2220;12015;"%1: Invalid status word (0x%3) received from axis %2"
2220;12016;"%1: Invalid data type for configuration entry '%2' (found: '%3', expected: '%4'). Default value '%5' will be used."
2220;12017;"%1: Invalid data type for configuration entry '%2' (found: '%3', expected: '%4')."
2220;12018;"%1: Value '%2' for configuration entry '%3' is out of range [%4..%5]. Default value '%6' will be used."
2220;12019;"%1: Value '%2' for configuration entry '%3' is no multiple of '%4'. Default value '%5' will be used."
2220;12020;"%1: Value '%2' for configuration entry '%3' is no multiple of '%4'."
2220;12021;"%1: External reference sensor not found on CPU module"
2220;12024;"%1: The text for configuration entry '%2' has an invalid length (min %3, max %4 characters). Default value '%5' will be used."
2220;12025;"%1: The text for configuration entry '%2' has an invalid length (min %3, max %4 characters)."
2220;12026;"%1: '%2' value conversion exceeds range (value: %3, factor: %4)."
2220;12027;"%1: %2 axis configured on device, maximum allowed %3"
2234;201;"%1: Invalid or missing cfg-entry 'posUnitsToIncrements', use '%2'"
2234;202;"%1: Invalid operation mode (interpolated position/profile position)"
2234;210;"%1: no PSU configured"
2234;211;"%1: short cycle time of %2ms (%3 CAN-stations, %4kBaud)"
2234;250;"%1: SINT32 over(under)-flow (%2)"
2234;301;"%1: loss of cyclic data (%2)"
2234;302;"%1: no cyclic data received (%2)"
2234;303;"%1: not ready (%2)"
2234;306;"%1: timeout (during reset) (%2)"
2234;307;"%1: drive returns to state 'Operation disabled' (%2)"
2234;310;"%1: Trip error. Error Code: %2"
2235;201;"%1: Invalid or missing cfg-entry 'posUnitsToIncrements', use '%2'"
2235;250;"%1: SINT32 over(onder)-flow (%2)"
2235;251;"%1: repeatedly no cyclic data received"
2235;301;"%1: loss of cyclic data (%2)"
2235;302;"%1: no cyclic data received (%2)"
2235;303;"%1: not ready (%2)"
2235;306;"%1: timeout (%2)"
2235;307;"%1: mode of operation not supported (%2)"
2235;350;"%1: intern short circuit earth. Error Code: %2"
2235;351;"%1: continous overcurrent. Error Code: %2"
2235;352;"%1: device hardware. Error Code: %2"
2235;353;"%1: software reset (watchdog). Error Code: %2"
2235;354;"%1: mains overvoltage. Error Code: %2"
2235;355;"%1: resolver 1 fault. Error Code: %2"
2235;356;"%1: loss of parameters. Error Code: %2"
2235;357;"%1: brake chopper (temperature). Error Code: %2"
2235;358;"%1: additional module. Error Code: %2"
2235;359;"%1: mains undervoltage. Error Code: %2"
2235;360;"%1: excess torque. Error Code: %2"
2235;361;"%1: difficult startup. Error Code: %2"
2235;362;"%1: torque Fault. Error Code: %2"
2235;363;"%1: velocity speed control. Error Code: %2"
2235;364;"%1: additional function control. Error Code: %2"
2235;365;"%1: position control. Error Code: %2"
2235;366;"%1: following error. Error Code: %2"
2235;367;"%1: device hardware control. Error Code: %2"
2235;368;"%1: spec. Velocity speed (overspeed). Error Code: %2"
2236;2;"%1: Write SERCOS parameter %2 failed (%3, %4)"
2236;3;"%1: Read element %2 of SERCOS parameter %3 failed (%4)"
2236;5;"%1: Data size of configured set values (MDT) too long (%2, maximum %3), default configuration used"
2236;12;"%1: Internal SERCOS communication error (%2)"
2236;13;"%1: Watchdog detected on SERCOS device"
2236;14;"%1: Invalid value at read parameter: 0x%2, element %3, value %4"
2236;15;"%1: Invalid data length at read parameter: 0x%2, element %3, length %4"
2236;53;"%1: Drive not ready to operate (SERCOS drive state 0x%2)"
2236;55;"%1: SERCOS class1 error occurred: 0x%2 - %3"
2236;60;"%1: Timeout on DRIVECOM state transition %2"
2236;70;"%1: Change SERCOS ring phase inhibited, drive controller(s) in wrong state"
2236;151;"%1: SERCOS class2 warning occurred: 0x%2 - %3"
2236;152;"%1: SERCOS hardware specific error (nr=%2, phase=%3, %4, %5, %6)"
2236;157;"%1: SERCOS communication error: missed AT in phase 4"
2236;158;"%1: SERCOS communication error: missed AT in phase %2 (state %3)"
2236;163;"%1: Execute SERCOS command %2 failed (%3, %4)"
2236;164;"%1: Data size of configured actual values (AT) too long (%2, maximum %3), default configuration used"
2236;165;"%1: Fatal internal SERCOS error (%2)"
2236;166;"%1: Configured parameter %2 not possible in set values (MDT)"
2236;167;"%1: Configured parameter %2 not possible in actual values (AT)"
2236;168;"%1: Invalid SERCOS parameter switching to phase %2: %3"
2236;169;"%1: Drive not ready for power on (SERCOS drive state 0x%2)"
2236;170;"%1: Drive not ready or power not applied (SERCOS drive state 0x%2)"
2236;171;"%1: Drive not possible to switch on, power not applied (SERCOS drive state 0x%2)"
2236;172;"%1: '%2' set value exceeds range (value: %3, factor: %4)"
2236;173;"%1: Auxiliary set value '%2' exceeds range (value: %3, factor: %4)"
2236;174;"%1: Invalid SERCOS cycle time configured (%2 us)"
2236;175;"%1: SERCOS ring not closed"
2236;176;"%1: State Param-Set-Write:  nr=%2, wr=%3, err=%4"
2236;177;"%1: State Param-Set-Read:  nr=%2, rd=%3, err=%4"
2236;178;"%1: ignoreMessage not supported"
2236;179;"%1: Drive state can't be changed while Statusreport is active"
2236;180;"%1: Duplicate SERCOS-address detected on bus"
2236;181;"%1: Invalid SERCOS-address detected on bus."
2236;182;"%1: Device version not supported."
2236;183;"%1: Maximum MDT-telegram count exceeded"
2236;184;"%1: Maximum AT-telegram count exceeded"
2236;185;"%1: Too much data configured for bus cycletime (%2 s)"
2236;186;"%1: Wrong connection count for SCP_FixCFG (%2 expected)"
2236;187;"%1: Too many connections configured (%2 allowed)"
2236;188;"%1: Duplicate connection id %2"
2236;189;"%1: Inconsistent data length of connection %2"
2236;190;"%1: Inconsistent cycle time of connection %2"
2236;191;"%1: Length of connection %2 is larger than maximum length"
2236;192;"%1: Consumed connection %2 not produced."
2237;1;"%1: unit '%2' already configured"
2237;2;"%1: auto pci configuration not possible, there is more than one device of that type"
2237;3;"%1: bad dll locked quality (events %2, actual state %3)"
2237;4;"%1: dll locked"
2238;1;"%1: Asi slave state: %2"
2238;2;"%1: Asi slave state ok"
2241;17100;"%1: Received KVC telegram with invalid length: Message-Type 0x%2, length %3"
2241;17101;"%1: Received unknown KVC telegram: Message-Type 0x%2, length %3"
2241;17102;"%1: %2 state telegram(s) from KVC hand terminal lost"
2241;17103;"%1: Number of keys of KVC hand terminal (%2) greater than number of keys supported of control (%3)"
2241;17104;"%1: Number of leds of KVC hand terminal (%2) greater than number of leds supported of control (%3)"
2242;201;"%1: Invalid or missing cfg-entry 'posUnitsToIncrements', use '%2'"
2242;211;"%1: cycle time possibly to small for post update (rx transfer time %2us)"
2242;250;"%1: SINT32 over(onder)-flow (%2)"
2242;251;"%1: repeatedly no cyclic data received"
2242;301;"%1: loss of cyclic data (%2)"
2242;302;"%1: no cyclic data received (%2)"
2242;303;"%1: not ready (%2)"
2242;306;"%1: timeout (%2)"
2242;307;"%1: mode of operation not supported (%2)"
2242;350;"%1: short circuit/earth leakage. Error Code: %2"
2242;351;"%1: continous overcurrent. Error Code: %2"
2242;352;"%1: device hardware. Error Code: %2"
2242;353;"%1: software reset (watchdog). Error Code: %2"
2242;354;"%1: mains overvoltage. Error Code: %2"
2242;355;"%1: resolver 1 fault. Error Code: %2"
2242;356;"%1: loss of parameters. Error Code: %2"
2242;357;"%1: brake chopper (temperature). Error Code: %2"
2242;358;"%1: additional module. Error Code: %2"
2242;359;"%1: mains undervoltage. Error Code: %2"
2242;360;"%1: excess torque. Error Code: %2"
2242;361;"%1: difficult startup. Error Code: %2"
2242;362;"%1: torque Fault. Error Code: %2"
2242;363;"%1: velocity speed control. Error Code: %2"
2242;364;"%1: additional function control. Error Code: %2"
2242;365;"%1: position control. Error Code: %2"
2242;366;"%1: following error. Error Code: %2"
2242;367;"%1: device hardware control. Error Code: %2"
2242;368;"%1: spec. Velocity speed (overspeed). Error Code: %2"
2242;4000;"%1: invalid Baudrate: %2kB (expected: '%3kB')"
2242;4009;"%1: Send Message failed (MsgId:%2, Additional Info:%3)"
2242;4013;"%1: Bus Warning"
2242;4014;"%1: Bus Passive"
2242;4015;"%1: Bus Off"
2242;4016;"%1: No Error"
2242;4017;"%1: Device-Error"
2242;4018;"%1: Recover from bus off"
2242;4019;"%1: Bad quality (bus passive count: %2, bus warning count %3)"
2242;4020;"%1: Add State-Callback failed"
2242;4025;"%1: Invalid cycle time (%2ms) for clock master"
2242;4150;"%1: SetBaudrate with %2 baud failed"
2242;4151;"%1: Message-Id '%2' already registered"
2242;4170;"%1: Recv-Failed for Message-Id='%2'"
2242;4171;"%1: Can-Error Data-Overrun for Message-Id '%2'"
2242;4172;"%1: Receive-Fifo full - Receive Overflow"
2242;6051;"%1: CAN-Open node address (%2) configured twice (%3)"
2242;6052;"%1: Klink (virtual) node address (%2) already in use (%3)"
2242;6053;"%1: Virtual klink address %2 out of range (node id %3, pdo nr %4)"
2242;6100;"%1: SDO (index: 0x%2 subindex: %3) confirmation timeout (%4 ms)"
2242;6101;"%1: SDO (index: 0x%2 subindex: %3) transfer error (received: %4)"
2242;6102;"%1: SDO (index: 0x%2 subindex: %3) receive buffer size too small (expected size: %4)"
2242;6103;"%1: SDO (index: 0x%2 subindex: %3) aborted by server: 0x%4 (%5)"
2242;6120;"%1: Node Guarding confirmation timeout"
2242;6121;"%1: NodeGuarding invalid answer"
2242;6140;"%1: no cyclic data received"
2242;6141;"%1: Operation ('%2') on PDO not possible (%3)"
2242;6142;"%1: PDO-Cycle-Time (%2us) not multiple of CAN-Cycle-Time (%3us)"
2242;6143;"%1: Invalid PDO number: %2 (valid: 1 .. %3)"
2242;6144;"%1: Sync Conflict"
2242;6145;"%1: PDO not supported ('%2')"
2242;6150;"%1: RTR confiramtion timeout"
2242;6160;"%1: Emergency-Message from node %2: Error Code: %3"
2242;6161;"%1: Emergency-Message from node %2: Error Code: %3"
2242;6162;"%1: Error Reset or No Error. Error Code: %2"
2242;6200;"%1: Bootup-Message received: (nodeaddress: %2)"
2242;6300;"%1: Too many PDOs for actual number of nodes: (PDO-No.: %2 nodes: %3)"
2242;6301;"%1: Too many PDOs for actual number of nodes: (Node-No.: %2 PDOs: %3)"
2242;8000;"%1: Possible conflict using CANOPEN and KCAN on the same bus"
2242;8210;"%1: Generic Error. Error Code: %2"
2242;8240;"%1: Device Temperature. Error Code: %2"
2242;8250;"%1: Device Hardware Error Error. Code: %2"
2242;8251;"%1: Device Hardware Internal Cable broken Error. Code: %2"
2242;8280;"%1: Monitoring Error. Error Code: %2"
2242;8281;"%1: Communication Error. Error Code: %2"
2242;8282;"%1: Can Overrun (Object lost). Error Code: %2"
2242;8283;"%1: Device in Error Passive Mode. Error Code: %2"
2242;8284;"%1: Device recovered from Bus Off. Error Code: %2"
2242;8290;"%1: External Error. Error Code: %2"
2242;9000;"%1: LSS/LMT: Device successfully configured"
2242;9001;"%1: LSS/LMT: Device successfully configured, permanent storage not supported"
2242;9010;"%1: LSS/LMT: Cannot access device, action %2 code %3"
2242;9020;"%1: LSS/LMT: Node-Id out of range"
2242;9021;"%1: LSS/LMT: Error setting node-Id, error %2 specific %3"
2242;9024;"%1: LSS/LMT: No access to storage media."
2242;9025;"%1: LSS/LMT: Storing configuration error, error %2 specific %3"
2242;9040;"%1: LSS/LMT: Invalid config entries, lssEnable AND lmtEnable for same device"
2242;9041;"%1: LSS/LMT: Invalid config entry,'lmtSerial' not BCD"
2242;9042;"%1: node guard paket received while node guarding deactivated"
2242;9043;"%1: Product code of device (%2) does not match expected product code (%3)"
2242;9044;"%1: DC link under voltage (error register: %2)"
2242;9045;"%1: Excess temperature drive (Error register: %2)"
2242;9046;"%1: Excess temperature device (Error register: %2)"
2242;9047;"%1: Short circuit (Error register %2)"
2242;9048;"%1: DC link over voltage (Error register: %2)"
2242;9049;"%1: CAN in Error Passive Mode (Error Register %2)"
2242;9050;"%1: Following error (Error Register %2)"
2242;9051;"%1: Paremeter error (Error register: %2)"
2242;9052;"%1: Reference limit (Error register: %2)"
2242;9053;"%1: Error in device software (Error register: %2)"
2242;9054;"%1: DC link over-voltage (Error register: %2)"
2242;9055;"%1: SDO read access to object 0x%2:0x%3 prohbited by filter rule"
2242;9056;"%1: SDO write access to object 0x%2:0x%3 prohbited by filter rule"
2243;6500;"%1: Info Reset or No Error. Error Code: %2"
2243;6510;"%1: Generic Error. Error Code: %2"
2243;6523;"%1: Short circuit. Error Code: %2"
2243;6533;"%1: Output Voltage missing. Error Code: %2"
2243;6580;"%1: Communication Error. Error Code: %2"
2243;6581;"%1: Communication Error. Error Code: %2"
2243;6590;"%1: External Error. Error Code: %2"
2243;6600;"%1: Error Reset or No Error. Error Code: %2"
2243;6610;"%1: Generic Error. Error Code: %2"
2243;6620;"%1: Hardware failure. Error Code: %2"
2243;6680;"%1: Communication Error. Error Code: %2"
2243;6681;"%1: Communication Error. Error Code: %2"
2243;6690;"%1: External Error. Error Code: %2"
2243;6700;"%1: Error Reset or No Error. Error Code: %2"
2243;6701;"%1: Generic Error. Error Code: %2"
2243;6702;"%1: Input current below minimum current. Error Code: %2"
2243;6703;"%1: Output current below minimum current. Error Code: %2"
2243;6704;"%1: Communication error. Error code: %2"
2243;6705;"%1: Communication Error. Error Code: %2"
2243;6706;"%1: External Error. Error Code: %2"
2243;6800;"%1: Info Reset or No Error. Error Code: %2"
2243;6801;"%1: Communication Error (%2)"
2243;6802;"%1: Short circuit active (output short circuit mask: 0x%2)"
2243;6803;"%1: No short circuit active"
2243;6804;"%1: Port %2 configured as input and as output (default use as input)"
2245;6801;"%1: Emergency: 'CAN warning limit exceeded'"
2245;6802;"%1: Emergency: 'CAN bus off'"
2245;6803;"%1: Emergency: 'Transmit queue overrun'"
2245;6804;"%1: Emergency: 'Receive queue overrun'"
2245;6806;"%1: Emergency: 'Invalid length of PDO (%2, Expected: %3)'"
2245;6807;"%1: Emergency: 'SYNC timeout'"
2245;6808;"%1: Emergency: 'Node Guarding timeout'"
2245;6809;"%1: Emergency: 'Terminal assembly changed'"
2245;6812;"%1: Emergency: 'Terminal (%2) not supported'"
2245;6814;"%1: Emergency: 'EEPROM error'"
2245;6815;"%1: Emergency: 'Terminal Bus error: '%2' (terminal: %3)'"
2245;6816;"%1: Emergency: 'Terminal error (terminal: %2, channel: %3) occurred'"
2245;6860;"%1: Emergency: 'Terminal error (terminal: %2, channel: %3) cleared'"
2245;6880;"%1: Emergency: %2 %3 %4 %5 %6 %7 %8"
2245;6881;"%1: Emergency: 'No Error'"
2246;1;"%1: TCP connection refused."
2246;2;"Command timed out (command=%1, timeout=%2 ms)."
2246;3;"Invalid command response (command=%1, response=%2)."
2250;1;"Messagepart: %1, userId.hostType: %2, userId.host: %3, userId.userName: %4, operation: %5 , medium: %6, messageEnd: %7"
2250;2;"Messagepart: %1, vargroup: %2, filename: %3, messageEnd: %4"
2250;3;"Messagepart: %1, filename: %2, messageEnd: %3"
2250;4;"UserId.hostType: %1, userId.host: %2, userId.userName: %3, old state: %4 , new state: %5"
2250;5;"Messagepart: %1, userId.hostType: %2, userId.host: %3, userId.userName: %4"
2250;6;"Messagepart: %1, message: %2"
2250;7;"Messagepart: %1, userId.hostType: %2, userId.host: %3, userId.userName: %4, basetype: %5 , messageEnd: %6"
2250;8;"Messagepart: %1, old value: %2, messageEnd: %3"
2250;9;"Messagepart: %1, new value: %2, messageEnd: %3"
2250;10;"Messagepart: %1, system variable name: %2, messageEnd: %3"
2250;11;"Messagepart: %1, system variable name: %2, messageEnd: %3"
2250;12;"configuration error: %1 %2"
2300;6900;"%1: PWM-Supply missing"
2300;6901;"%1: Overcurrent V-Axis-Drive"
2300;6902;"%1: Overcurrent valve %2"
2300;6903;"%1: Counter overflow incremental sensor %2"
2300;6904;"%1: Incremetal sensor %2 broken"
2300;6905;"%1: Increments lost on senser %2"
2300;6906;"%1: Control PDO lost"
2300;6907;"%1: Move command wrong"
2300;6908;"%1: End position not reachable"
2300;6909;"%1: Position sensor of valve defect %2"
2300;6910;"%1: Can't measure valve current %2"
2300;6911;"%1: Beam lop-sided"
2300;6912;"%1: Quit Error 0x%2"
2300;6913;"%1: ASSERT Error"
2300;6914;"%1: Fatal error occured in KSX"
2300;6915;"%1: Watchdog"
2300;6916;"%1: CAN BusOff"
2300;6917;"%1: CAN ErrorPassiv"
2300;6918;"%1: CAN BusOverflow"
2300;6919;"%1: Sync timeout"
2300;6920;"%1: Power On SelfTest error"
2300;6921;"%1: Invalid calibration value Ain"
2300;6922;"%1: Fan %2 speed below minimum"
2300;6923;"%1: Short circuit on output"
2300;6924;"%1: Missing PDO %2"
2300;6925;"%1: Firmware download failed (error desc %2)"
2300;6926;"%1: Missing PDO %2"
2300;6927;"%1: incompatible firmware version: %2"
3001;1;"Assert:%1 File:%2 Line:%3"
3001;2;"Can't allocate memory"
3001;3;"Initialize RPC-Service: No valid Server-ID: %1"
3001;4;"Register RPC-Service: No register on portmapper possible for Server %1"
3001;5;"RPC-Library can't create TCP-service"
3001;6;"RPC-Library returned %1 from svc_run"
3001;7;"No resources left to register Prog:%1, Vers:%2 at UDP (socket %3)"
3001;8;"No resources left to register Prog:%1, Vers:%2 at TCP (socket %3)"
3001;9;"No available servertype left"
3001;10;"Initialize RPC-Service: No Resources for Server %1. Error %2"
3001;11;"Register RPC-Service: No socket left for register on portmapper for Server %1"
3001;12;"No available RPCMan-ProgramNr. left"
3001;2000;"Component disabled from User"
3110;0;"Assert:%1 File:%2 Line:%3"
3110;1;"Assert on Channel:%1 MsgId:%2 Line:%3"
3110;100;"CanCard not ready, incorrect powerup-ID"
3110;101;"Unknown operating mode %1"
3110;102;"Channel already installed on interface %1"
3110;103;"Deinstall unknown channel on interface %1"
3110;104;"Invalid interface number %1"
3110;105;"Unknown order (%1) in server mailbox"
3110;106;"Interrupt FIFO overflow"
3110;107;"Unknown interrupt type %1"
3110;108;"DPM-Service channel access semaphore timeout"
3110;109;"Unexpected confirmation received"
3110;110;"Open kerneldriver %1 failed, last error %2"
3110;111;"Close kerneldriver failed, last error %1"
3110;112;"CanCard not ready after HW Reset, incorrect vendor-ID"
3110;113;"CanCard not ready after HW Reset, incorrect powerup-ID"
3110;114;"POST (HW) error romOk=%1 ramOk=%2 eepromOk=%3 Chan0Installed=%4 Chan1Installed=%5"
3110;115;"Firmware-File '%1' open error %2"
3110;116;"File seek error %1"
3110;117;"File read error %1"
3110;118;"Firmware-File to small"
3110;200;"DPM-Full-CAN-Buffer access semaphore timeout"
3110;201;"Buffer too small for received BASIC-CAN message (ID=%1,MsgLen=%2,BufLen=%3)"
3110;202;"Buffer too small for received FULL-CAN message (MsgBufNr=%1,MsgLen=%2,BufLen=%3)"
3110;203;"Channel %1: DPM-Full-CAN-Buffer access semaphore timeout (MsgBufNr=%2)"
3110;204;"Channel %1: Buffer too small for received FULL-CAN message (MsgBufNr=%2, BufLen=%3)"
3110;205;"Channel %1: Buffer too small for received BASIC-CAN message (ID=%2, BufLen=%3)"
3110;300;"Remote system error: Can chip data overrun on channel %1 (%2 messages lost)"
3110;301;"Remote system error: Message (bufNr=%1) semaphore timeout (channel=%2)"
3110;302;"Remote system error: Unknown code: %1"
3110;500;"CanCard: PCI-Bus %1 slot %2 add IntrHandler %3 failed"
3110;501;"CanCard: PCI-Bus %1 slot %2 connect HwInt %3 failed"
3110;502;"CanCard: PCI-Bus %1 slot %2 remove IntrHandler %3 failed"
3110;503;"CanCard: PCI-Bus %1 slot %2 disconnect HwInt %3 failed"
3110;504;"CanCard: Connect Pci-Device (PCI-Bus %1, slot %2) failed"
3110;505;"CanCard: Disconnect Pci-Device (PCI-Bus %1, slot %2) failed"
3110;10100;"Service order request timeout"
3110;10101;"Service order confirmation timeout"
3110;10102;"Unknown command (%1H) received"
3110;10103;"Receive buffer in test command order too small (%1 byte instead of %2 byte)"
3110;10104;"Negative result in confirmation of one order segment"
3110;10105;"Service confirmation buffer too small (command=%1, maxBufLen=%2)"
3110;10106;"Overflow in receive mailbox of server task %1 with %2 mails"
3110;10110;"Service confirmation result: Unknown"
3110;10111;"Service confirmation result: No memory"
3110;10112;"Service confirmation result: Invalid data len"
3110;10113;"Service confirmation result: Inconsistent data"
3110;10114;"Service confirmation result: Order not accepted"
3110;10115;"Service confirmation result: No more FULL-CAN message puffer available"
3110;10116;"Service confirmation result: Unknown command"
3110;10117;"Service confirmation result: Invalid channel"
3110;10118;"Service confirmation result: Invalid baudrate"
3110;10119;"Service confirmation result: SJA1000 not found"
3110;10120;"Service confirmation result: Invalid message type"
3110;10121;"Service confirmation result: Double received message-ID"
3110;10122;"Service confirmation result: Invalid interrupt type"
3110;10123;"Service confirmation result: Invalid interrupt mask"
3110;10124;"Service confirmation result: No buffer reserved"
3110;10125;"Service confirmation result: POST (HW) error"
3110;10127;"Service confirmation result: channel already installed"
3110;10128;"Service confirmation result: channel not installed"
3110;10129;"Service confirmation result: Unknown Command. FW Download supported?"
3110;10130;"Service confirmation result: Flash Write error"
3110;10131;"Service confirmation result: Downloaded Firmware contains CRC error"
3110;20200;"Send message buffer not empty"
3110;20201;"No message received"
3110;20202;"Statistics was never started"
3110;20203;"Channel %1: Send message buffer not empty (MsgBufNr=%2)"
3110;20204;"Channel %1: No message received (MsgBufNr=%2)"
3110;20205;"Channel %1: No message received (basic can)"
3110;20206;"Channel %1: set DefaultBaudrate not supported by Firmware V%2.%3"
3500;10001;"Insufficient memory - %1"
3500;10002;"Low memory - %1"
3500;10003;"Insufficient memory - %1 %2"
3500;10004;"Resume of Install-Task not possible."
3500;10010;"SOM not available."
3500;10105;"File open error: %1"
3500;10201;"Unable to register server to TCP-Manager: %1"
3500;10202;"Cannot unregister server from TCP-Manager: %1"
3500;10203;"Illegal server call. Service not installed: %1"
3500;10206;"Illegal device specification at %1"
3500;10208;"Cannot activate server: %1."
3500;10210;"RPC-Client send malfunction, Mutex-error: %1, from %2 to %3"
3500;10401;"Cannot install sub device install task: %1"
3500;10402;"Cannot install function unit %1."
3500;10403;"Cannot install task: %1"
3500;10406;"Insufficient memory reading loader file."
3500;10414;"%2 warnings occurred installing FU %1."
3500;10415;"SUL file %1 contains illegal or double entries."
3500;10417;"Cannot install device: %1"
3500;10418;"Cannot install resource %1"
3500;10422;"Object %1 not found/installed."
3500;10423;"Insufficient memory installing object %1."
3500;10424;"Low memory, object not created - OBJECT: %1."
3500;10425;"SUL file value cannot be read: [%1] %2"
3500;10427;"SUL file value not declared key/attr: %1/%2"
3500;10428;"Illegal declaration of SUL file value. Key/Attr: %1,%2"
3500;10429;"Different system-names found (application path): %1."
3500;10430;"Different system-names found in SUL-Files."
3500;10431;"No SUL-File found in application path %1"
3500;10432;"FUL file not found in application path %1"
3500;10433;"Illegal SUL file format: %1 , %2"
3500;10434;"Illegal declaration in file %1"
3500;10435;"Deinstall object %1. Invalid state."
3500;10436;"SUL-File-Value not declared, Task: %1, Attr: %2."
3500;10437;"Incorrect State of %1. Installation of %2 not valid."
3500;10438;"Deinstall object: invalid state of object: %1 (deinstall %2)."
3500;10440;"Resume of install task not possible: %1."
3500;10450;"Illegal use of Iterator in install table! - %1"
3500;10451;"%3 <%4> not declared for %1 <%2>"
3500;10452;"No CPU name defined in catalog for device <%1>"
3500;10453;"No application found on device."
3500;10454;"UosTimer <%1> from Catalog no longer supported. Please entercycle time directly in SU-File:"
3500;10501;"Insufficient memory installing device <%1>"
3500;10502;"Device allready installed. Device: %1, new device: %2"
3500;10503;"Incomplete installation of application."
3500;10508;"Cannot register service to TCP-Manager: %1"
3500;10510;"Config-key not found: %1"
3500;10511;"Cannot add to status-report (not available or add-error)."
3500;10601;"CommandAndErrorHandling task cannot be resumed."
3500;10602;"Limit reached or error occured when sending to CmdAndErrQueue - at %1"
3500;10704;"Error during creation resource-events at %1 (errnr: %2)"
3500;10706;"Illegal state in resource - res.:%1, desired state:%2, curr. state:%3"
3500;10708;"No valid or no installation at all of %1 <%2>."
3500;10807;"Unable to resume thread - task <%1> on resource <%2>"
3500;10808;"Cannot resume task <%1> on resource <%2>"
3500;10810;"Insufficient memory: create task-thread at start, <%1> on res.<%2>"
3500;10811;"Cannot create timer of task <%1> on res. <%2>."
3500;10814;"Unable to suspend thread - task <%1> on res. <%2>."
3500;10815;"Unable to start timer of task <%1> on res. <%2>."
3500;10817;"Invalid task cycle time: task <%1> on resource <%2>, cycle: %3"
3500;10818;"Cannot delete task <%1> on resource <%2>."
3500;10898;"Run-time-overflow in task <%1> on res. <%2>, task-ref.: %3"
3500;10899;"Trigger-overflow: task %1, on res. %2, task-ref.: %3"
3500;10902;"File not accessible: %1"
3500;10903;"Header of file %1 inaccessible."
3500;10904;"Invalid typ or version in file: %1"
3500;10905;"Cannot get FU-Name - file: %1"
3500;10909;"No code data available - FU: %1."
3500;10923;"Invalid code-offset in file: %1, offset: %2 at %3"
3500;10924;"Invalid data offset in file %1, offset: %2 at %3"
3500;10925;"Invalid alignment in file: %1, offset: %2 at %3"
3500;10926;"Cannot get resource-name(-index) - file: %1, res.: %2"
3500;10927;"Unable to find resource name in file: %1, res.: %2"
3500;10928;"FU allready installed - file: %1, res.: %2"
3500;10950;"Cannot get Fu-Name - file: %1"
3500;10951;"Cannot get resource-name - FU: %1"
3500;10952;"Fileheader is corrupt in FU: %1"
3500;10953;"File is corrupt in FU %1"
3500;11001;"Data or code segments cannot be installed. FU: %1"
3500;11002;"Unable to build Init-Table of data-segment - FU: %1."
3500;11003;"Cannot build init table of retain data segment. FU: %1"
3500;11004;"Cannot initialize data-segment - FU: %1"
3500;11005;"Cannot initialize retain data segment. FU: %1"
3500;11006;"Cannot initialize code-segment - FU: %1"
3500;11007;"Unable to retrieve element count in init table of data-segment - FU: %1"
3500;11008;"Error getting element count in init-table of retain data segment - FU: %1"
3500;11009;"Error initializing data-segment at startup - FU: %1."
3500;11010;"Cannot get information about segment length. FU: %1"
3500;11015;"Cannot find element in data segment init table - FU: %1, element-Nr.: %2"
3500;11017;"Cannot find element in retain data segment init table - FU: %1, element-Nr.: %2"
3500;11018;"Init table address not available in file %1, offset %2, at %3"
3500;11019;"Init-Table-Address not available - file: %1, offset %2, at %3"
3500;11020;"Retain manager returned %1 for retainblock %2 with size %3"
3500;11021;"All FU retain data deleted (cold start)"
3500;11022;"Device stopped."
3500;11023;"Error quit time exceeded."
3500;11101;"Cannot create instance (TaskTable) - FU: %1"
3500;11102;"Cannot get number of tasks (TaskTable) - FU: %1"
3500;11103;"Cannot get Task-Info (TaskTable) - FU: %1, element-Nr.: %2"
3500;11104;"Task not available. FU: %1, Task: %2"
3500;11105;"Cannot get slot info (tasktable) - FU: %1, element nr.: %2"
3500;11106;"Unable to retrieve task reference counter. FU: %1"
3500;11107;"Unable to retrieve task reference information. FU: %1, task-ref.: %2"
3500;11109;"Cannot get task reference offset. FU: %1, task ref.: %2, offset: %3"
3500;11110;"Task-Name not available - FU: %1, Task-Ref.: %2, res.task: %3"
3500;11111;"Cannot get code-offset from instance list - FU: %1"
3500;11112;"Cannot get instance-count (instance list) - FU: %1"
3500;11113;"Cannot get instance-info (instance list) - FU: %1, element-Nr.: %2"
3500;11114;"Insufficient memory creating an instance - FU: %1, type: %2, name: %3"
3500;11118;"Cannot get element-count (SharedMemList) - FU: %1"
3500;11119;"Unable to retrieve a shared memory offset - FU: %1, index: %2"
3500;11120;"Invalid value linking a SharedMem-Ref. - FU: %1, nr.: %2"
3500;11201;"Cannot get SysVar-count - FU: %1"
3500;11202;"Cannot get SysVar-Info - FU: %1, nr.: %2"
3500;11203;"SysVar-Info-Link-Address not available - FU: %1, nr.: %2"
3500;11204;"No reference of Sys-Var in file: %1, varible name: %2"
3500;11205;"No handle for Sys-Var in file: %1, variable name: %2"
3500;11206;"SystemVar handle not found."
3500;11301;"Cannot get SysEvent-count - FU: %1"
3500;11302;"Cannot get SysEvent-Info - FU: %1, nr.: %2"
3500;11303;"Cannot get SysEvent-Link-Info - FU: %1, Nr.: %2, code-elem-Nr.: %3"
3500;11304;"Cannot get SysEvent count (EventTable) - FU: %1"
3500;11305;"Cannot get SysEvent-Info (EventTable) - FU: %1, Nr.: %2"
3500;11306;"Cannot get SysEvent-Part-Info (EventTable) - FU: %1, Nr.: %2"
3500;11308;"No handle for System Event in file: %1, event name: %2"
3500;11401;"Cannot get SysAlarm count - FU: %1"
3500;11402;"Unable to retrieve SysAlarm Info. FU: %1, Nr.: %2"
3500;11403;"Cannot get SysAlarm-Link-Info - FU: %1, nr.: %2, data addr. nr.: %3"
3500;11404;"No handle for Sys-Alarm in FUL-File: %1, alarm name: %2"
3500;11501;"Cannot get Standard-Func-count - FU: %1"
3500;11502;"Cannot get Standard-Func-Info - FU: %1, Nr.: %2"
3500;11503;"Cannot get StandardFunction - FU: %1, Func.: %2"
3500;11504;"Cannot get Standard-AB-count - FU: %1"
3500;11505;"Cannot get Standard-AB-Info - FU: %1, Nr.: %2"
3500;11506;"Cannot get Standard-Algo-Info - FU: %1, index: %2, algo-nr: %3"
3500;11507;"Unable to retrieve name of Standard-AB or Algorithm. FU: %1, index: %2, AB/algo: %3"
3500;11508;"Unable to retrieve Standard-AB-Instance-count - FU: %1, Nr.: %2"
3500;11509;"Cannot get Standard-AB-Instance-Link-Addr - FU: %1, Nr.: %2, inst.: %3"
3500;11511;"Standard-Algo not available - file: %1, offset: %2, name: %3"
3500;11512;"Invalid number of algorithms count in file %1, nr. %2, FB: %3"
3500;11601;"Cannot get counter of post-update algoritms. FU: %1"
3500;11602;"Cannot get Post-Update-Element-Info. FU: %1, nr.: %2"
3500;11603;"Cannot get Post-Update-Info. FU: %1, nr.: %2, postupdate-idx: %3"
3500;11604;"Cannot create Post-Upd-Func - FU: %1, sys var: %2, elem offset: %3, size: %4"
3500;11605;"Event-Algo has no task assigned - FU: %1, ALGO: %2"
3500;11606;"Post-Update-Algo has no Task assigned - FU:%1, ALGO:%2"
3500;11607;"(Internal) Illegal Event Assignment"
3500;11608;"Illegal post-update assignment in FU:%1, algo:%2"
3500;11701;"Unable to retrieve counter for SFC-header. FU: %1"
3500;11702;"Unable to retrieve SFC-header offset. FU: %1, SFC: %2"
3500;11802;"Cannot link data in FU header. FU: %1"
3500;11803;"Unable to link instances. FU: %1"
3500;11804;"Unable link Standard-Functions. FU: %1"
3500;11805;"Unable to link Standard-FBs or ABs. FU: %1"
3500;11806;"Cannot link System-Vars. FU: %1"
3500;11807;"Unable to link System-Events. FU: %1"
3500;11808;"Unable to link Post-Update-Algorithms. FU: %1"
3500;11809;"Cannot link header of SFC. FU: %1"
3500;11810;"Cannot link task references. FU: %1"
3500;11811;"Cannot link event instances declared in event table. FU: %1"
3500;11812;"Cannot link System-Alarms. FU: %1"
3500;11813;"Unable to link Retain-(Shared-)Memory-References. FU: %1"
3500;11814;"Unable to load indices of builtin functions. FU: %1"
3500;12001;"Cannot open FUL-Loadfile: %1"
3500;12002;"Case sensitivity different defined - FUL load file %1"
3500;12003;"Error reading header of file %1"
3500;12005;"Seek-Table read-error - FUL-Loadfile: %1"
3500;12006;"Genaral-Info read-error - FUL-Loadfile: %1"
3500;12007;"Name list read error. Position: %1 in file %2."
3500;12009;"Main position table read-error in file %1"
3500;20001;"Low memory. Unable to create Standard-Library-administration."
3500;20002;"IEC runtime-error: FU-ref %1, IEC-error %2, frame-off %3, code-off %4, Fu-name %5"
3500;20003;"Call of not linked Standard-AB-func (CREATE, DELETE, ACTIVATE, DEACTIVATE, RESET)"
3500;20004;"Unable to create error-quitt-timer"
3500;20005;"Illegal task-handle in procedure-call %1"
3500;20006;"Calling %1 from a non IEC task."
3500;20007;"The call to %1 is not allowed in this state of %2"
3500;20008;"General problem in IKB: %1 %2 %3"
3500;20009;"IEC runtime-error: FU %1.%2[%3], IEC-error %4, frame-off %5, code-off %6"
3500;30001;"Illegal code-point-typ in resource %1."
3500;30002;"Insufficient memory: unable to add code-point to debugger - res: %1"
3500;30003;"Debugger cannot be initialized."
3500;30004;"Unable to install debug callback."
3500;30011;"Unable to set breakpoint - resource: %1"
3500;30012;"Unable to remove breakpoint - res: %1, fu: %2, abs.pos: %3, off: %4."
3500;30013;"Insufficient Memory - cannot add watch variable - size of variable: %1"
3500;30021;"Device of resource or resource not found - resource: %1"
3500;40001;"Unknown SFC element type - probably illegal Sfc-Data: %1"
3500;40002;"Corrupted list of activ steps detected in %1"
3500;40003;"Illegal SFC element type of method: %1"
3500;40004;"The SFC interpreter is not installed."
3500;40005;"'%1'."
3500;40006;"FU: %1.%2, %3 / generation-date: %4 / MD5 %5 "
3500;40007;"Debug-server: %1 /user: %2 /info: %3 /"
3500;40008;"Resource %1, %2"
3500;40009;"Exception: %1,%2,%3,%4,%5,%6,%7,%8,%9,%10,%11,%12,%13,%14,%15,%16,%17,%18,%19"
3500;40010;"FUL File %1 has wrong byte order."
3500;40011;"Tried to load FUL file for wrong cpu type - %1"
3500;40012;"FU %1 specified in OMLD file not found."
3500;40013;"FU %1 has version conflict with OMLD."
3500;40014;"Browse object %1 for action %2 not found."
3500;40015;"Received multiple requests for browse object %1 for action %2."
3500;40016;"Browse object %1 has wrong type for action %2."
3500;40100;"Install Device '%1'."
3500;40101;"Install Function-Unit (part 1/2): Res: '%1' Fu: '%2' GenDate: %3.%4"
3500;40102;"Install Function-Unit MD5 (part 2/2): %1"
3500;40103;"Uninstall Function-Unit (part 1/2): Res: '%1' Fu: '%2' GenDate: %3.%4"
3500;40104;"Uninstall Function-Unit (part 2/2) MD5: %1"
3500;40105;"Fu: '%1' Vers: '%2' CodeLen: %3 DataLen: %4 RetainDataLen: %5"
3500;40106;"Install Debug-Server for Functional-Unit: '%1' User: '%2'"
3500;40107;"Uninstall Debug-Server for Function-Unit: '%1' User: '%2'"
3500;40108;"Start Ressource '%1'"
3500;40109;"Stop Ressource '%1'"
3500;40110;"Exception (part 1/4) / CompNr: %1 ErrNr: %2 ErrId: %3 ErrKind: %4 ErrSubKind: %5 Res: '%6' Fu: '%7'"
3500;40111;"Exception (part 2/4) / Task: '%1' MD5: %2"
3500;40112;"Exception (part 3/4) / CodeOffsets: %1, %2, %3, %4 DataOffsets: %5, %6, %7, %8"
3500;40113;"Exception (part 4/4) / Err: '%1' ErrId: %2"
3500;40115;"Exception (part 1/4). Err: '%1', ErrId: %2, Res: '%3', MD5: '%4'"
3500;40116;"Exception (part 2/4). ActiveTaskCon: '%1' Fu: '%2' TableIdx: '%3' FrameOffs: '%4'."
3500;40117;"Exception (part 3/4). Task: '%1' FrmOffs: %2 CodeIdx1: %3 CodeOff1: %4 CodeIdx2: %5 CodeOff2: %6 CodeIdx3: %7 CodeOff3: %8"
3500;40118;"Exception (part 4/4). Err: '%1', ErrId: %2"
3500;40550;"TriggerOverflow: task %1, res %2"
3500;40551;"RuntimeOverflow: task %1, res %2"
3500;40552;"RuntimeError: task %1, res %2, fu %3, errId %4"
3500;40553;"Exception: task %1, res %2, fu %3, excType %4"
3600;1;"KEBA-Standard-FB %1 not linked"
3600;5;"System-Object %1 not connected, wrong Fu-Handle"
3600;6;"System-Object %1 not connected, Object-Path not found"
3600;7;"%1 not yet implemented"
3600;25;"Cannot open file %1"
3600;34;"Types %1 not compatible"
3600;37;"Not enough memory (text: %1, size: %2)"
3600;64;"File-Type failure (%1, %2, %3)"
3600;68;"Wrong File-Version %1"
3600;70;"Failure reading types (%1 err)"
3600;77;"Svl-File %1 not loaded (%2 err)"
3600;103;"Object '%1' cant be linked with Object '%2' of Type '%3'"
3600;106;"Restart-Failure not all Types removed"
3600;107;"Restart-Failure not all Attributes removed"
3600;108;"System Object %1 of Type %2 not connected, wrong TypeInfo"
3600;113;"CRC Error in file %1"
3600;114;"Init Failure types inkompatibel: %1 expected Systemobjekt of Type %2 Systemobjekt %3 is Type %4"
3600;115;"Base-Type not allowed (Failure in Linker) %1"
3600;119;"Wrong SysVarRefInit %1 init with %2 is no Reference"
3600;121;"Restart-Failure not all Function-Units removed"
3600;122;"Attribute %1 declared in different Files %2 %3 (possible reason compiled on different paths)"
3600;124;"Types not compatible %1 size is not %2 Byte"
3600;129;"KNet not connected Events cant be sent over device ranges"
3600;131;"Isl-File %1 already loaded"
3600;132;"Isl-File %1 not loaded (%2 err)"
3600;134;"Cant create Retain File %1 (probably invalid Path)"
3600;137;"FU %1 for ISL-File %2 not loaded"
3600;142;"Can't connect to Master SOM."
3600;143;"ArrayInit liegt nicht auf einem Array"
3600;144;"StructListInit element has illegal offset"
3600;145;"Wrong Init of OpenArray %1 init with %2"
3600;146;"(INTERNAL-Linker) Wrong Offset in Plaus"
3600;147;"Plausibility of Type with Size 0"
3600;148;"Incompatibel Link to Open-Array %1"
3600;149;"Subtype %1 for Type %2 not found"
3600;151;"invalid Attribute %1 of System-Variable %2 ignored"
3600;153;"Shared Memory %1/%2 already used by System-Variable failure creating %3"
3600;157;"Type %1 has wrong typeinfo for '%2'"
3600;158;"Unable to calulate typeinfo for %1"
3600;159;"AbsRel Unit not found '%1'"
3600;161;"Type of System-Variable %1 not compatible with existing Endpoint Size %2"
3600;162;"Hardware Endpoint %1 does not exist in Ios"
3600;163;"Type of SV %1 with Retain Data incompatible"
3600;165;"Typename %1 does not exist"
3600;166;"Isl File does not match Fu %1"
3600;167;"invalid Fast-Retain Attribute %1 of System-Variable %2 ignored"
3600;168;"File not opened %1"
3600;169;"No Fast Retain Value for %1 found"
3600;173;"Global-Attribute %1 not compatible"
3600;174;"Error Get Value of Iec-Variable %1 from other device"
3600;175;"Error Set Value of Iec-Variable %1 on other device"
3600;176;"Error Sending Response Get or Set Iec-Variable"
3600;177;"Error Get VarTabInfo %1 on other device"
3600;179;"Size of Init is not equal with size of Type %1"
3600;180;"Repeat Init on wrong Type %1"
3600;181;"Error in Csp Communication of Events"
3600;183;"Error in Csp Communication of Alarm"
3600;184;"System-Block %1 without Memory cant Initialize"
3600;185;"Error in Csp Communication of Local Variable CreateSMem at %1"
3600;186;"Error in Csp Communication of Local Variable Read at %1"
3600;187;"Error in Csp Communication of Local Variable Write at %1"
3600;188;"SVL file in little endian format expected"
3600;189;"SVL file in big endian format expected"
3600;190;"case insensitive mode not yet supported"
3600;191;"Error in Load-File no Type specified"
3600;192;"Unlinked System-Variable %1 in Plausibility"
3600;193;"Plausibility for System-Variable %1 not calculated"
3600;194;"Error %1 creating retain-segment segment %2 not retain"
3600;195;"One or More Hardware Endpoints do not exist in Ios"
3600;196;"One or More System-Object not connected, Object-Path not found"
3600;197;"Variable %1 already exists in Uos from Io-System"
3600;198;"Simulated Endpoint Mapping active (%1 Endpoints simulated)"
3600;199;"Illegal eventDataSize: %1 (only %2 bytes allowed)"
3600;200;"Warning Hardware Endpoint %1 not exists"
3600;201;"AlarmState Log Alarm:%1, Class:%2, State:%3, SubId1:%4, SubId2:%5, SubId3:%6, SubId4:%7"
3600;202;"Param1: %1"
3600;203;"Param2: %1"
3600;204;"SVL file has wrong cpu type (%1 expected)"
3600;205;"Param1: type:%1 value:%2"
3600;206;"Param2: type:%1 value:%2"
3600;207;"SV retain data deleted (cold startup)"
3600;208;"Exception during execution of plausibility code for SV %1"
3600;401;"internal message: Syntax error in load file! (file: %1, line: %2, desc: %3)"
3600;402;"Retain segment changed: text: %1, FU info: %2, segment code: %3, operation code: %4"
3700;1;"%1 (%2/%3): Error limit exceeded"
3700;2;"%1 (%2/%3): Error opening file '%4'"
3700;3;"%1 (%2/%3): Maximum linelength exceeded"
3700;4;"%1 (%2/%3): Out of memory (%4)"
3700;5;"%1 (%2/%3): Filename is not a valid teachtalk identifier"
3700;6;"%1 (%2/%3): File has too many lines"
3700;11;"%1 (%2/%3): Expected '%4'"
3700;12;"%1 (%2/%3): Invalid symbol '%4'"
3700;13;"%1 (%2/%3): Skipped '%4'"
3700;14;"%1 (%2/%3): Unexpected end of file"
3700;21;"%1 (%2/%3): Unknown symbol '%4'"
3700;22;"%1 (%2/%3): Internal parser error (terminal symbol)"
3700;23;"%1 (%2/%3): Internal parser error (nonterminal symbol)"
3700;24;"%1 (%2/%3): Internal parser error (stack underflow)"
3700;31;"%1 (%2/%3): Internal scanner error"
3700;32;"%1 (%2/%3): Internal parser error (stack overflow)"
3700;33;"%1 (%2/%3): Keyword has already been used: '%4'"
3700;41;"%1 (%2/%3): Cyclic type dependency"
3700;42;"%1 (%2/%3): Type not defined: '%4'"
3700;43;"%1 (%2/%3): Types are not compatible"
3700;44;"%1 (%2/%3): No type"
3700;45;"%1 (%2/%3): Wrong type"
3700;46;"%1 (%2/%3): Unexpected usage of program '%4'"
3700;47;"%1 (%2/%3): Abstract types must not have instances"
3700;48;"%1 (%2/%3): No structure"
3700;49;"%1 (%2/%3): No structure-element"
3700;50;"%1 (%2/%3): No array"
3700;51;"%1 (%2/%3): No integer"
3700;52;"%1 (%2/%3): No routine"
3700;53;"%1 (%2/%3): Invalid range"
3700;55;"%1 (%2/%3): Enumeration constant already used"
3700;56;"%1 (%2/%3): Type already defined: '%4'"
3700;57;"%1 (%2/%3): No unit"
3700;58;"%1 (%2/%3): Non-private definition uses private type"
3700;59;"%1 (%2/%3): Wrong string-length"
3700;60;"%1 (%2/%3): Cyclic constant-definition"
3700;61;"%1 (%2/%3): User-object is expected"
3700;62;"%1 (%2/%3): Abstract routines have to be empty"
3700;63;"%1 (%2/%3): Only abstract units can have abstract routines"
3700;64;"%1 (%2/%3): The abstract routine is not overwritten in unit '%4'"
3700;65;"%1 (%2/%3): Elements of a variant must not contain references"
3700;66;"%1 (%2/%3): Wrong type (expected: %4)"
3700;67;"%1 (%2/%3): Types of exported variables must not contain references"
3700;71;"%1 (%2/%3): Name not defined: '%4'"
3700;72;"%1 (%2/%3): Name already defined: '%4'"
3700;73;"%1 (%2/%3): Invalid identifier: '%4'"
3700;74;"%1 (%2/%3): No enumeration constant: '%4'"
3700;75;"%1 (%2/%3): No jumptarget: '%4'"
3700;76;"%1 (%2/%3): Label not defined: '%4'"
3700;77;"%1 (%2/%3): Invalid definition of global element"
3700;78;"%1 (%2/%3): Private element not accessible"
3700;79;"%1 (%2/%3): Name too long"
3700;80;"%1 (%2/%3): Local and global definition use the same name: '%4'"
3700;81;"%1 (%2/%3): No variable"
3700;82;"%1 (%2/%3): Export failed, '%4' already exists"
3700;96;"%1 (%2/%3): No program file found for this data file"
3700;97;"%1 (%2/%3): No SAVE or PROJECT attribute allowed"
3700;98;"%1 (%2/%3): Variants cannot contain elements with SAVE attribute"
3700;99;"%1 (%2/%3): Consistency-check failed"
3700;100;"%1 (%2/%3): Not declared as save variable"
3700;101;"%1 (%2/%3): Program with SAVE PROJECT variables already exists in project %4"
3700;102;"%1 (%2/%3): No EXPORT attribute allowed"
3700;111;"%1 (%2/%3): Too few parameters"
3700;112;"%1 (%2/%3): Too many parameters"
3700;113;"%1 (%2/%3): Invalid parameter"
3700;114;"%1 (%2/%3): No returnvalue"
3700;115;"%1 (%2/%3): Routine does not match the definition in the base class"
3700;116;"%1 (%2/%3): No eventroutine"
3700;117;"%1 (%2/%3): Wrong routine"
3700;119;"%1 (%2/%3): Unnamed routines are not allowed in units"
3700;120;"%1 (%2/%3): Recursive program call: '%4'"
3700;131;"%1 (%2/%3): Index is out of boundaries"
3700;132;"%1 (%2/%3): Division by zero"
3700;133;"%1 (%2/%3): No assignment target"
3700;134;"%1 (%2/%3): Invalid expression"
3700;135;"%1 (%2/%3): Invalid jump"
3700;136;"%1 (%2/%3): No constant"
3700;138;"%1 (%2/%3): Invalid integer"
3700;139;"%1 (%2/%3): Too many routine calls"
3700;140;"%1 (%2/%3): Too many variables"
3700;141;"%1 (%2/%3): SELECT statement is not allowed in units"
3700;142;"%1 (%2/%3): Value out of range"
3700;143;"%1 (%2/%3): Initialization error"
3700;144;"%1 (%2/%3): Not all control paths return a value"
3700;145;"Writing in inconsistent %1 %4 has been suppressed"
3700;146;"%1 (%2/%3): Statement has to be enabled or disabled completely"
3700;147;"%1 (%2/%3): String constant too long"
3700;148;"%1 (%2/%3): Case unreachable"
3700;150;"Project %1 / Pass %2"
3700;151;"Project %1 / Pass %2 skipped"
3700;152;"%1 files compiled"
3700;153;"%1 (%2/%3): Overflow in internal function '%4'"
3700;170;"Unable to write data-file %1"
3700;171;"Timer %1 does not exist, connected to system-cycle instead"
3700;172;"No WorkPath Directory: %1"
3700;173;"Application directory '_system.tt' does not exist or has no teachtalk-fileentry"
3700;174;"%1 (%2/%3): Warning : %4 %5 not referenced"
3700;196;"Not enough memory for Project %1 (%2)"
3700;197;"Projectname %1 already in use"
3700;198;"Projectname %1 invalid"
3700;199;"Project %1 invalid, %2 error(s)"
3700;201;"%1 (%2/%3): No returnvalue"
3700;202;"%1 (%2/%3): Timer set with a negativ time"
3700;205;"%1 (%2/%3): Unit for the SELECT statement could not be found"
3700;206;"%1 (%2/%3): Application error - division by zero"
3700;207;"%1 (%2/%3): No IEC-Event"
3700;209;"%1 (%2/%3): Application error - index %4 is out of boundaries %5..%6"
3700;210;"%1 (%2/%3): Application error - accessing unmapped variable %7"
3700;211;"%1 (%2/%3): No Parameter"
3700;212;"%1 (%2/%3): Accessing wrong variant"
3700;213;"%1 (%2/%3): Value out of range"
3700;214;"%1 (%2/%3):  Invalid typecast"
3700;215;"%1 (%2/%3): Out of memory (%7)"
3700;216;"%1 (%2/%3): Value out of range"
3700;218;"%1 (%2/%3): Too many variables"
3700;219;"%1 (%2/%3): THIS is not yet defined"
3700;220;"%1 (%2/%3): RUN failed because the program is already running"
3700;221;"%1 (%2/%3): ANY-output-parameters of firmwarefunctions must not contain references"
3700;222;"%1 (%2/%3): invalid usage of externally mapped function"
3700;251;"%1 (%2/%3): Execution of the routine exceeded time limit, PRIO %5"
3700;252;"%1 (%2/%3): Too many active routines"
3700;253;"%1 (%2/%3): Execution of the routine exceeded time limit (stmtLimit)"
3700;254;"%1 (%2/%3): External Mapping failed : '%4'"
3700;255;"%1 (%2/%3): Too much time between WAIT statements"
3700;256;"%1 (%2/%3): LOCK prematurely lifted"
3700;257;"%1 (%2/%3): Stopping a called instance of routine '%4' was rejected"
3700;258;"%1 (%2/%3): UPDATE condition has been invalidated"
3700;259;"%1 (%2/%3): Non-signaling shared memory %4 used"
3700;260;"%1 (%2/%3): Execution of statement exceeded timeLimit"
3700;261;"The Interpreter violated the subsequent cycle"
3700;280;"LoadGlobal"
3700;281;"UnloadGlobal"
3700;282;"LoadProject %1"
3700;283;"UnloadProject %1"
3700;284;"StartProgram %1"
3700;285;"LoadSystem"
3700;290;"Variable changed (part %1) name: %2 type: %3"
3700;291;"Variable changed (part %1) old value: %2"
3700;292;"Variable changed (part %1) new value: %2"
3700;400;"Too little memory for the teachcontrol-heap"
3700;401;"Client %1 (ID %2) removed because inactive for too long time."
3700;402;"Error while extracting Archive-File %1 ..."
3700;403;"TC User0 (part %1): stringI: %2, ParamI(h): %3, ParamI(l): %4, ParamII(h): %5, ParamII(l): %6"
3700;404;"TC User0 (part %1): stringII: %2, ParamIII(h): %3, ParamIII(l): %4, ParamIV(h): %5, ParamIV(l): %6"
3700;405;"TC User0 (part %1): format: %2"
3700;406;"Project can not be activated (%1)"
3700;407;"%1 (%2/%3): Usage of DEPRECATED routine '%4'"
4000;1;"******* Version: %1 *******"
4000;2;"Incompatible version of PCALL header files (%1). At least version %2 required"
4000;10;"Function %1 not yet implemented"
4000;11;"Exceeding cycle time for MCU update (%1 %%)"
4000;15;"Create end point '%1': %2 (%3)"
4000;16;"End point type %1 could not be declared."
4000;17;"Invalid timestep object."
4000;18;"Message Instance Number is always 0."
4000;20;"PCall '%1' not found."
4000;25;"%1: Message queue overflow (%2)."
4000;30;"%1: Cannot open file: '%2' (%3)"
4000;31;"%1: Write to file error: '%2' (%3)"
4000;32;"%1: Read from file error: '%2' (%3)"
4000;33;"%1: Delete file: '%2' (%3)"
4000;51;"Invalid object (ID %1) could not be added to database"
4000;52;"Application Error: MCU database rejects object <%3> %2 (address: %1)"
4000;53;"Function call %1 with non-existing object <%2> (ID %3)"
4000;54;"Function call %1 with wrong object <%2> (ID %3)"
4000;55;"Object with ID <%1> is not of type <%2> (%3)"
4000;56;"The system's MCU pool is depleted (%1 kB used)"
4000;57;"The system's MCU heap is depleted. (configured size: %1 kB)"
4000;58;"Robot stop, because configured size of MCU database is too low. (configured dataBaseSize = %1)"
4000;59;"Kinematic %1 must not be deleted."
4000;70;"Data base utilization factor already at %1 %%"
4000;71;"Already released object %1 (ID %2) is being re-used (%3)."
4000;100;"Invalid member data in transformation %1 (ID %2)."
4000;101;"Transformation %1 (ID %2) uses an invalid update object (address: %3)."
4000;102;"Recursive definition of reference system %3 (ID %4) in transformation %1 (ID %2)."
4000;103;"Transformation %1 (ID %2) uses an invalid reference system (%3 )."
4000;104;"Update failed (update obj. %3) in transformation %1 (ID %2)."
4000;130;"Exceeding number of auxiliary joints %3 (max. %4) in position %1 (ID %2)."
4000;131;"Pos. %1 (ID %2) of kin. %3 (ID %4) is incompatible with pos. %5 (ID %6) of kin. %7 (ID %8)."
4000;132;"Pos. %1 (ID %2) with %3 aux. joints is incompatible with pos. %4 (ID %5) with %6 aux. joints."
4000;133;"Invalid path position: path %1 (ID %2), motion command %3 (ID %4), parameter %5."
4000;134;"Number of main joints (%1) of position %2 is incompatible with kinematic %3 (%4 main joints)."
4000;135;"Joint position %1 is applied to invalid kinematic."
4000;136;"Number of main joints (%1) is less than number of wrist joints (%2) in position (%3)."
4000;137;"Invalid joints offset object (ID %1) in position (%2)"
4000;138;"Wrist-joint position %1 has joints offset or moving reference system."
4000;159;"Motion command %1, parameter %2."
4000;160;"Invalid position %1 in motion command %2 (ID %3)."
4000;161;"Motion command %1 (ID %2) contains invalid interpolation object."
4000;162;"Invalid auxiliary position for circle in motion command %1 (ID %2)."
4000;163;"Cannot calculate circle in motion command %1 (ID %2)."
4000;164;"Target mode %4 in motion command %1 (ID %2) not reachable (kin. %5, current mode: %3)."
4000;165;"Invalid orientation interpolation type %1."
4000;166;"Configured maximum torque of joint no. %1 is extremely low: %2. Torque limiting impossible."
4000;167;"Incompatible orientation interpolation type %1 in spline command %2 (ID %3)."
4000;168;"Incompatible tool %1 (ID %2) in spline command %3 (ID %4)."
4000;170;"Setting kinematic <%5> on path <%4> with wrong mode (%2); path position needs mode %3 - <%1>."
4000;171;"Provided user mode (%3) of segment %4 is unequal to start mode (%2); kinematic %5 - <%1>."
4000;172;"Planned cart. target mode (%2) of %6-segment %4 not reachable by kinematic %5, because mode of target position <%7> = %3 - <%1>."
4000;173;"Planned WJ target mode (%2) of %6-segment %4 not reachable by kinematic %5, because mode of target position <%7> = %3 - <%1>."
4000;174;"Mode of start position (%3) of %6-segment %4 is unequal to target mode (%2) of previous segment; kinematic %5 - <%1>."
4000;175;"%2 mode of start position of %5-segment %3 is unknown; kinematic %4 - <%1>."
4000;176;"Mode of start position (%2) of segment %4 is prospective and unequal to user mode (%3); kinematic %5 - <%1>."
4000;177;"Provided user mode (%2) of segment %4 is unequal to target mode (%3) of given position; kinematic %5 - <%1>."
4000;178;"No overlap due to difference between ovl-start mode (%2) and target mode (%3) of segment %4; kinematic %5 - <%1>."
4000;180;"PTP on moving object %1 (ID %2)."
4000;181;"Motion command on moving object is too short: %1 %2 (ID %3)."
4000;182;"Excessive orientation change relative to circular plane of %1 deg (max. %2 deg) on segment %3 (ID %4)."
4000;200;"Invalid overlap data: path %1 (ID %2), segment position on path: %3."
4000;201;"Invalid segment handler: path %1 (ID %2), segment position on path: %3."
4000;202;"Invalid path data in path %1 (ID %2)."
4000;203;"Invalid acceleration reduction profile in path %1 (ID %2)."
4000;204;"New motion command (ID %1) to path %2 (ID %3) failed."
4000;205;"Segment handler %1 not found in path %2 (ID %3)."
4000;206;"Parameter calculation failed for provided overlap data."
4000;207;"Path with ID %1 does not exist."
4000;208;"McuClearPath impossible. Kinematic is still on path %1"
4000;209;"Invalid kinematic ID %1 for path ID %2."
4000;210;"TargetMode needed for a defined motion out of a singular or undefined mode position (%1 (ID %2))."
4000;211;"No macro line number stored in user data of position %1."
4000;212;"Function operating on object %1 (ID: %2) does not terminate."
4000;230;"Invalid overlap data %1 (ID %2)."
4000;231;"Overlap data provided for non-overlapping segment."
4000;232;"Missing interpolation object for overlap data %1 (ID %2) Typ: %3."
4000;233;"Invalid segment handler for overlap calculation %1 (ID %2) Typ: %3, SegHdl1: %4 SegHdl2: %5."
4000;234;"Overlap position %1 could not be calculated. Motion command %2 (ID %3)."
4000;235;"Invalid waiting time %3 in overlap data %1 (ID %2)."
4000;236;"Invalid %3. parameter (%4) in overlap data %1 (ID %2)."
4000;237;"Invalid overlap type %1."
4000;238;"Invalid overlap definition type %1."
4000;260;"Invalid dynamics data %1 (ID %2), component group %3."
4000;261;"Invalid acceleration profile in dynamics %1 (ID %2)"
4000;262;"Invalid deceleration profile in dynamics %1 (ID %2)"
4000;263;"Dynamics data %1 (ID %2): component group %3 invalid"
4000;264;"Programmed cart. velocity %4 (component %3) must be greater than 0. Dynamics %1 (addr. %2) invalid."
4000;265;"Programmed cart. acceleration %4 (component %3) must be greater than 0. Dynamics %1 (addr. %2) invalid."
4000;266;"Programmed cart. deceleration %4 (component %3) must be greater than 0. Dynamics %1 (addr. %2) invalid."
4000;267;"Programmed cart. jerk %4 (component %3) must be greater than 0. Dynamics %1 (addr. %2) invalid."
4000;268;"Profile %1 (ID %2) contains invalid data"
4000;269;"Kin. %1 (ID %2): excessive velocity %4 of reduced dynamics (comp. %3). Value from regular dynamic used."
4000;270;"Programmed velocity %5 for joint %4 (comp. %3) must be greater than 0. Dynamics %1 (addr. %2) invalid."
4000;271;"Programmed acceleration %5 for joint %4 (comp. %3) must be greater than 0. Dynamics %1 (addr. %2) invalid."
4000;272;"Programmed deceleration %5 for joint %4 (comp. %3) must be greater than 0. Dynamics %1 (addr. %2) invalid."
4000;273;"Programmed jerk %5 for joint %4 (comp. %3) must be greater than 0. Dynamics %1 (addr. %2) invalid."
4000;274;"Asymmetrical Ramp %1 (Type %2) not supported, corrected to symmetrical Ramp"
4000;300;"No inverse transformation available for kinematic %1 (ID %2)"
4000;301;"Robot stops because of previous error; kinematic %1 (ID %2), motion command %3 (ID %4), parameter %5"
4000;302;"Robot type (%1 joints) incompatible with kinematic %2 (%3 joints configured)"
4000;303;"Kinematic %1: inverse transformation only possible if forward transformation = ON"
4000;304;"Kinematic %1: Robot type needed to specify an appropriate robot transformation"
4000;305;"No valid default dynamics specified for kinematic %1"
4000;306;"No valid default overlap data specified for kinematic %1"
4000;308;"Call McuStopInterpolator() first for kinematic <%1>"
4000;309;"Invalid kinematic ID <%1>"
4000;310;"Invalid component %1 for kinematic %2 (ID %3)"
4000;311;"Kinematic %1: PrewarnTime (%2 s) higher than LookAheadTime (%3 s). Setting PrewarnTime to %3 s."
4000;312;"No forward transformation available for kinematic %1 (ID %2)"
4000;313;"Kinematic cannot be generated due to a too low velocity limit <%1> for joint %2"
4000;314;"Kinematic cannot be generated due to a too low acceleration limit <%1> for joint %2"
4000;315;"Kinematic cannot be generated due to a too low deceleration limit <%1> for joint %2"
4000;316;"Kinematic cannot be generated due to a too low jerk limit <%1> for joint %2"
4000;317;"No wrist-inverse transformation available for kinematic %1 (ID %2)"
4000;318;"No forward transformation configured for kinematic %1 -> using dummy robot"
4000;319;"%1 (joint %2): Invalid value for 'increments per revolution' (numerator: %3 denominator: %4)"
4000;330;"Previous job command not yet processed"
4000;331;"No event handle specified for job <%1>"
4000;332;"Minimum prewarn time violated for job %2 (ID %1): %3 instead of %4"
4000;333;"Job %2 (ID %1) has an inappropriate plane specification"
4000;334;"SignalArea %2 (ID %1) has been activated"
4000;335;"Job %1 already applied to kinematic (%2, %3)"
4000;336;"Prediction error for job %2 (ID %1): %3 ms (configured limit: %4 ms)"
4000;337;"Prediction error for job %2 (ID %1): distorted by later changes in velocity %3 ms (configured limit: %4 ms)."
4000;338;"Invalid segment parameter (%1) for job %2."
4000;339;"Prediction job %2 (ID %1) not possible without look-ahead."
4000;340;"Prediction job %2 (ID %1) not possible - connecting with LookAheadBuffer failed."
4000;360;"Previous workspace command not yet processed."
4000;361;"Kin. %1 is entering blocked area %4 with gripper %5 (no. %6) while executing motion command %2 (param. %3)"
4000;362;"Kin. %1 is leaving work area %4 with gripper %5 (no. %6) while executing motion command %2 (param. %3)"
4000;363;"Area application object %1 (ID %2) has already been applied to a kinematic"
4000;364;"Area application object %1 (ID %2) could not be removed from kinematic"
4000;365;"Invalid size of work area or nogo-area %1"
4000;366;"Kin. %1: Area violation occurred at cartesian position [%2 %3 %4] (world)."
4000;367;"End position of segment %1 lies in nogo-area %2 with gripper %3 (no. %4) of kinematic %5"
4000;390;"Maximum number of gripper offsets limited to %1 (%2)"
4000;400;"Wrong joint number %1 in servo module of kinematic %2 during action %3"
4000;401;"Kinematic %1 could not read servo data from shared memory %2"
4000;402;"Error while accessing a servo's shared memory (%1), kinematic %2 (joint no. %3)"
4000;403;"Application error: Invalid servo state detected by MCU, movement not allowed (state: %1, kinematic %2, joint  %3"
4000;404;"Servo for joint '%2' could not be applied to kinematic %1"
4000;405;"Kinematic %1: Cycle time of drive '%2' (%3) differs from cycle time of kinematic (%4)"
4000;406;"Kinematic %1: End point data for drive '%2' (%3) not found"
4000;407;"Kinematic %1: Drive '%2' in wrong position mode (%3, expected: %4)"
4000;408;"Kinematic %1 (Joint %2): Setting position not possible. Kinematic is started."
4000;409;"Kinematic %1 (Joint %2): Setting position not possible. Drive in error state."
4000;410;"Kinematic %1 (Joint %2): Setting position not possible. Drive is not referenced."
4000;411;"Kinematic %1 (Joint %2): Mastering not possible. Invalid reference pulse interval (%3)."
4000;412;"Kinematic %1 (Joint %2): Mastering not possible. Invalid gear ratio."
4000;413;"Kinematic %1 (joint %2): Referencing using reference pulse: No master value available."
4000;414;"Kinematic %1 (joint %2): Distance to reference pulse too big."
4000;415;"Kinematic %1 (joint %2): Mastering/referencing not supported. Joint depends on modulo drive (joint %3)."
4000;416;"Kinematic %1 (joint %2): Setting position not possible. Master axis not referenced (joint %3)."
4000;420;"Kinematic %1 (joint %2): Drive has lost reference."
4000;421;"Kinematic %1: Joint %2 has lost reference."
4000;422;"Kinematic %1, Joint %2: gear ratio has changed."
4000;423;"Error Mapping to Shared Memory: %1 (%2)"
4000;424;"Kinematic %1: Invalid Position Period of Drive '%2' ([%3;%4[, expected: [-180;180[)"
4000;425;"Kinematic %1 (Joint %2): Drive repositioning not possible. Kinematic is not ready."
4000;427;"Incompatible Interface-Versions of AXIS-PORT: %1 (expected: %2)"
4000;430;"Command SetPathPos has invalid path position (ID %1)"
4000;432;"Command <%1> has invalid parameter <%2>: <%3>"
4000;433;"Application error: MCU command <%3> not allowed because kinematic <%1> (ID %2) not stopped"
4000;434;"Command <%1> sent to non-registered kinematic <%2> (ID %3)"
4000;435;"Command <%1>: Kinematic <%2> (ID %3) is on path <%4> (ID %5), not on path <%6> (ID %7)"
4000;436;"Command <%1> sent to invalid kinematic <%2> (ID %3)"
4000;437;"Setting kinematic <%1> (ID %2) on path <%3> (ID %4) leads to a leap."
4000;438;"Appending segment <%1> (ID %2) on path <%3> (ID %4) leads to a leap."
4000;439;"Previous SetPathPos command(s) not yet processed."
4000;450;"Kinematic <%1> (ID %2) not yet READY for command <%3>"
4000;451;"Kinematic <%1> (ID %2) not on path for command <%3>"
4000;452;"Command SetTimeOverride sent to kinematic %1 has invalid parameter %2"
4000;453;"Command SetTimeOverrideFactor sent to kinematic %1 has invalid parameter %2"
4000;454;"Command MoveToTarget: Kinematic %1 has already passed path position SegNr. %2 / Param %3"
4000;455;"Command MoveToTarget: Kinematic %1 is on empty path %2"
4000;460;"Kinematic %1 has not been registered with the MCU execution unit"
4000;462;"Command %1 sent to kinematic %2 failed"
4000;463;"Too many moving systems: %1"
4000;464;"Only moving reference systems can be registered"
4000;465;"SingleJointLimiter can only be activated if torque-limiter is deactivated (KinID %1)"
4000;480;"Forecast interpolator has fallen back (main int.: %1 %2 forecast int.: %3 %4)"
4000;481;"%1-Interpolation for kinematic %2 failed (SectionNr: %3, SectionTime: %4)."
4000;482;"Look-ahead time is zero at %1"
4000;500;"%8 Cart. position exceeds limit (%4) by %1 %%; component: %2, value: %3, motion command (%5) %6, parameter %7"
4000;501;"%8 Cart. orientation exceeds limit (%4) by %1 %%; component: %2, value: %3, motion command (%5) %6, parameter %7"
4000;502;"%8 Position of base joint %2 exceeds limit (%4); value: %3, motion command (%5) %6, parameter %7"
4000;503;"%8 Position of wrist joint %2 exceeds limit (%4); value: %3, motion command (%5) %6, parameter %7"
4000;504;"%8 Position of auxiliary joint %2 exceeds limit (%4); value: %3, motion command (%5) %6, parameter %7"
4000;505;"%8 Cart. velocity exceeds limit by %1 %%, component: %2; value: %3, limit: %4, motion command (%5) %6, parameter %7"
4000;506;"%8 Cart. orientation velocity exceeds limit by %1 %%, component: %2; value: %3, limit: %4, motion command (%5) %6, parameter %7"
4000;507;"%8 Joint velocity exceeds limit by %1 %%, base joint: %2; value: %3, limit: %4, motion command (%5) %6, parameter %7"
4000;508;"%8 Joint velocity exceeds limit by %1 %%, wrist joint: %2; value: %3, limit: %4, motion command (%5) %6, parameter %7"
4000;509;"%8 Joint velocity exceeds limit by %1 %%, auxiliary joint: %2; value: %3, limit: %4, motion command (%5) %6, parameter %7"
4000;510;"%8 Cart. acceleration exceeds limit by %1 %%, component: %2; value: %3, limit: %4, motion command (%5) %6, parameter %7"
4000;511;"%8 Cart. orientation acceleration exceeds limit by %1 %%, component: %2; value: %3, limit: %4, motion command (%5) %6, parameter %7"
4000;512;"%8 Joint acceleration exceeds limit by %1 %%, base joint: %2; value: %3, limit: %4, motion command (%5) %6, parameter %7"
4000;513;"%8 Joint acceleration exceeds limit by %1 %%, wrist joint: %2; value: %3, limit: %4, motion command (%5) %6, parameter %7"
4000;514;"%8 Joint acceleration exceeds limit by %1 %%, auxiliary joint: %2; value: %3, limit: %4, motion command (%5) %6, parameter %7"
4000;515;"%8 Cart. jerk exceeds limit by %1 %%, component: %2; value: %3, limit: %4, motion command (%5) %6, parameter %7"
4000;516;"%8 Cart. orientation jerk exceeds limit by %1 %%, component: %2; value: %3, limit: %4, motion command (%5) %6, parameter %7"
4000;517;"%8 Joint jerk exceeds limit by %1 %%, base joint: %2; value: %3, limit: %4, motion command (%5) %6, parameter %7"
4000;518;"%8 Joint jerk exceeds limit by %1 %%, wrist joint: %2; value: %3, limit: %4, motion command (%5) %6, parameter %7"
4000;519;"%8 Joint jerk exceeds limit by %1 %%, auxiliary joint: %2; value: %3, limit: %4, motion command (%5) %6, parameter %7"
4000;520;"Forward transformation for kinematic %1 must be activated to enable cartesian dynamics monitoring"
4000;521;"Wrong type of UnLockAppend: LockType(%1) - UnLockType(%2)"
4000;522;"Sum of wrist joints exceeds limit; value: %1, limit: %2, motion command (%3) %4, parameter %5"
4000;523;"%7Position of joint %1 is discontinuous (new position: %2, old position: %3) at motion command(%4) %5, parameter %6"
4000;530;"Motion command %1 (%2): velocity is reduced by %3 %% (i.e. %4 %% of programmed velocity)"
4000;531;"Single joint limiter ON: %1, parameter: %2"
4000;532;"Single joint Limiter OFF: %1, parameter: %2, MaxPosDeviation: %3, MaxOriDeviation: %4"
4000;533;"Robot stops because path deviation (%1) exceeds configured limit (%2)"
4000;534;"Path movement stalled because of an internal error"
4000;535;"Exceeding deviation limit on joint %1: %2 (limit: %3)"
4000;550;"Kinematic %3 (ID %4) has no inverse transformation for %1 (ID %2)"
4000;551;"Position of %1 (ID %2) not reachable by kinematic %3 (ID %4)"
4000;552;"Orientation of %1 (ID %2) not reachable by kinematic %3 (ID %4)"
4000;553;"Base joints of kinematic %3 (ID %4) are singular at %1 (ID %2)"
4000;554;"Wrist joints of kinematic %3 (ID %4) are singular at %1 (ID %2)"
4000;555;"Kinematic %3 (ID %4) is singular at %1 %2"
4000;556;"Kinematic %3 (ID %4) shows bad convergence at %1 (ID %2)"
4000;557;"Error-bit 4 has been set during inverse transformation"
4000;558;"Error-bit 8 has been set during inverse transformation"
4000;559;"Kinematic %3 (ID %4) has no inverse transformation implemented for %1 (ID %2)"
4000;560;"Invalid parameters for inverse transformation of %1 (ID %2) by kinematic %3 (ID %4)"
4000;571;"<%1> Position not reachable by kinematic %2 at %3"
4000;572;"<%1> Orientation not reachable by kinematic %2 at %3"
4000;573;"<%1> Base joints of kinematic %2 are singular at %3"
4000;574;"<%1> Wrist joints of kinematic %2 are singular at %3"
4000;575;"<%1> Kinematic %2 is singular at %3"
4000;576;"<%1> Kinematic %2 shows bad convergence at %3"
4000;577;"<%1> Kinematik %2 shows numerical problems in dynamic calculation at %3"
4000;578;"<%1> Kinematic %2 has no inverse transformation implemented for %3"
4000;579;"<%1> Invalid parameters for inverse transformation of kinematic %2 at %3"
4000;600;"Configured robot type %1 not available"
4000;601;"No kinematics specified in MCU configuration file"
4000;602;"No timer specified for MCU. All MCU tasks suspended."
4000;603;"Cannot find MCU timer <%1>"
4000;604;"Invalid joint type <%1>"
4000;605;"No configuration data found for joint <%1>"
4000;606;"Configured frame type <%1> not available"
4000;607;"This robot type requires configuration of a hidden joint"
4000;608;"InversTrafo configured without activating ForwardTrafo"
4000;609;"Configured axis-filter type %1 not available"
4000;610;"Configured order of filter%1 (%2) does not correspond with the amount of coefficients (%3)"
4000;611;"Number of filter coefficients is exceeding the upper limit (%1)"
4000;612;"A %1-Filter needs exactly %2 coefficients (provided %3)"
4000;613;"Reference system <%1> of configured REFSYS:%2 not found in database"
4000;614;"Configured lookAheadTime (%1s) exceeds max. lookAheadTime (%2s)"
4000;615;"Too little heap memory for cyclic logger (configured size: %1). Using default size (%2)."
4000;616;"Configured joint-mode '%1' not available"
4000;650;"Control command <%1> rejected"
4000;651;"Control command <%1> called with invalid parameter"
4000;652;"Control command <%1> not yet implemented"
4000;653;"Control command <%1> called with invalid parameter <%2> = <%3>"
4000;654;"McuSearchDbObj() not implemented for object type %1"
4000;655;"Invalid frame type: %1"
4000;656;"Control command <%1> not valid in this release."
4000;670;"McuReleaseDbObj: object with ID %1 has already been released"
4000;671;"Error while calling %1"
4000;672;"Trying to release object not contained in data base (addr. %1)."
4000;673;"Cannot copy MCU Status Report file from %1 to %2"
4000;680;"Function <%1> called with invalid parameter <%2> = <%3>"
4000;681;"Invalid Path in Function <%1> of segment <%2> (ID: %3)"
4000;682;"Cannot calculate Restart PathPosition for Segment <%1> (ID: %2)"
4000;683;"Cannot insert segHdl-Data to motion-buffer in function <%1>"
4000;684;"Previous motionBuffer command(s) not yet processed"
4000;685;"Cannot transfer motion-buffer (ID: %1) to path (ID: %2) because appendFreeHdl=false!"
4000;686;"Cannot delete motion buffer from ExecUnit-List (doesn't exist)"
4000;687;"<%1> is not possible - %2 check(s) already active (max. %3)"
4000;688;"Cannot append segment to motion-buffer (ID: %1)"
4000;689;"CheckPathIsReachable is not possible (MB-ID: %1) - transfer or check already active"
4000;690;"Cannot transfer motion-buffer (ID: %1) to path (ID: %2) - transfer or check already active"
4000;691;"Motion-buffer (ID: %1) is empty"
4000;692;"Cannot read NextSegSMemName (not configurated)"
4000;693;"Series of zero segments appending on path (ID %1) exceeding allowed number (%2)"
4000;694;"Number of %1joints is incompatible with kinematic (ID %2)"
4000;695;"Wrong filter number %1 - just 2 filters in series possible (1&2)"
4000;700;"Internal Error (reserved)"
4000;701;"Tried to set negative number of joints in RobotTransform"
4000;702;"Tried to set too many joints (%1, max 8) in RobotTransform"
4000;703;"Invalid joint type for joint %1 in RobotTransform"
4000;704;"Invalid link numbers in RobotTransform"
4000;705;"DH-Parameters of RobotTransform not initialized"
4000;706;"Invalid number of joints (%1) in joint vector for RobotTransform"
4000;707;"Invalid number of rows (%1) of Jacobi matrix in RobotTransform"
4000;708;"Invalid number of columns (%1) of Jacobi matrix in RobotTransform"
4000;709;"Invalid robot mode in RobotTransform"
4000;710;"Invalid configuration of robot mode in RobotTransform"
4000;711;"Invalid turn (%1) in RobotTransform"
4000;712;"Invalid number of joints (%1)"
4000;713;"Invalid D1 in DH-parameters for Ecopaint transform"
4000;714;"Invalid Alpha1 in DH-parameters for Ecopaint transform"
4000;715;"Invalid D2 in DH-parameters for Ecopaint transform"
4000;716;"Invalid A3 in DH-parameters for Ecopaint transform"
4000;717;"Invalid A4 in DH-parameters for Ecopaint transform"
4000;718;"Invalid A5 in DH-parameters for Ecopaint transform"
4000;719;"Invalid Alpha34 in DH-parameters for Ecopaint transform"
4000;720;"Invalid number of joints (%1)"
4000;721;"Invalid D%1 in DH-parameters for transform"
4000;722;"Invalid A%1 in DH-parameters for transform"
4000;723;"Invalid Alpha%1 in DH-parameters for transform"
4000;724;"Invalid Theta%1 in DH-parameters for transform"
4000;725;"Could not compute chain of auxiliary joints"
4000;726;"Invalid number of base joints (%1) in joint vector for RobotTransform"
4000;727;"Invalid number of wrist joints (%1) in joint vector for RobotTransform"
4000;728;"Could not identify type of Scara-robot with provided DH-parameters"
4000;729;"Type of Scara-robot is not yet implemented"
4000;730;"Cannot compute TCP position from joint values"
4000;731;"Could not identify type of SemiScara-robot with provided DH-parameters"
4000;732;"Type of SemiScara-robot is not yet implemented"
4000;733;"Special case of mode change during Wrist-Joint Interpolation not handled in this kinematic"
4000;734;"Kinematic has at least one redundant joint"
4000;751;"No dynamic model available for kinematic <%1>"
4000;752;"Wrong number of joints (%1 instead of %2) specified for dynamic robot model of kinematic <%3>"
4000;753;"Mass for joint %1 must not be negative"
4000;754;"Inertia Jxx for joint %1 must not be negative"
4000;755;"Inertia Jyy for joint %1 must not be negative"
4000;756;"Inertia Jzz for joint %1 must not be negative"
4000;757;"Spring crank length R for joint %1 must not be negative"
4000;758;"Spring dead angle length L for joint %1 must not be negative"
4000;759;"Spring stiffness for joint %1 must not be negative"
4000;760;"Static friction coeff. for drive of joint %1 must not be negative"
4000;761;"Viscous friction coeff. for drive %1 must not be negative"
4000;762;"Drive inertia for drive of joint %1 must not be negative"
4000;763;"Gear ratio for drive of joint %1 must not be zero"
4000;764;"Maximum torque for drive of joint %1 must be greater than zero"
4000;765;"Wrong number of joints (%2 instead of %3) specified in shared memory %1"
4000;766;"Inertia parameters for joint %1 are physically inconsistent"
4000;767;"Inertia parameters for tool %1 are physically inconsistent"
4000;768;"Mass for tool %1 must not be negative"
4000;769;"Inertia Jxx for tool %1 must not be negative"
4000;770;"Inertia Jyy for tool %1 must not be negative"
4000;771;"Inertia Jzz for tool %1 must not be negative"
4000;772;"Reaction forces can be calculated for only one joint (joint %1 chosen)."
4000;773;"Position factor for drive of joint %1 must not be zero"
4000;800;"Impossible to set tracking parameters while tracking is active"
4000;801;"Frame type for tracking has to be eMcuFrameEuler"
4000;802;"TrackingLogger on: SegNr: %1, TrsfID: %2 %3"
4000;803;"TrackingLogger off: SegNr: %1, TrsfID: %2 %3"
4000;804;"TrackingLogger status: samples: %1, overflow: %2, Trsf: %3"
4000;805;"TrackingLogger status: Buffer overflow of tracking logger. Configured size: %1"
4000;806;"%1 switches tracking logger on: NextSegNr: %2, TrackObj: %3"
4000;807;"%1 switches tracking logger off: NextSegNr: %2, TrackObj: %3, samples: %4, overflow: %5"
4000;810;"Timeout of tracking signal"
4000;820;"Sum of the %1 provided filter coefficients (%2) is unequal 1"
4000;821;"Invalid filter coefficient %1=%2"
4000;822;"Invalid filter order (%1) of %2-filter"
4000;850;"unequal amount of area jobs (executed: %1, starep: %2)"
4000;851;"unequal amount of plane jobs (executed: %1, starep: %2)"
4000;852;"Internal MCU test error: unequal amount of segParam jobs (executed: %1, starep: %2)"
4000;853;"Unequal amount of limit jobs (executed: %1, starep: %2)"
4000;854;"Job was not triggered: %2 (ID %1) %3"
4000;900;"%1.%2 Line %3: Joint %4 dominant"
4000;901;"%1.%2 Line %3: %4 Joint"
4000;902;"%1.%2 Line %3: Prelimiter - %4%% of prog. velocity (SegNr %5)"
4000;903;"%1.%2 Line %3%4: Geometry-Limiter - %5%% of prog. velocity (SegNr %6)"
4000;904;"%1.%2 Line %3%4: LookAhead-Limiter - %5%% of prog. velocity (SegNr %6)"
4000;905;"%1.%2 Line %3%4: Main-Limiter - %5%% of prog. velocity (SegNr %6)"
4000;906;"%1.%2 Line %3%4: SingleJoint-Limiter - pos. deviation: %5, Ori. Deviation: %6 (SegNr %7)"
4000;907;"%1.%2 Line %3%4: Short-Segment - %5%% of prog. velocity (SegNr %6)"
4000;908;"%1.%2 Line %3: Next movement command too late (SegNr %4)"
4000;909;"%1.%2 Line %3%4: Acute geometry (LookAhead-Limiter) - %5%% of prog. velocity (SegNr %6)"
4000;910;"%1.%2 Line %3%4: LookAhead-Limiter (cart. Dyn.) - %5%% of prog. velocity (SegNr %6)"
4000;911;"%1.%2 Line %3: Zero-Segment - 0%% of prog. velocity (SegNr %4)"
4000;950;"Transfer of motion-buffer (ID: %1) has been interrupted - error in <McuAppendToPath>"
4000;951;"<McuTerminateMotionBuffer> not possible - transfer of motion-buffer (ID: %1) is active"
4000;970;"LAheadBufLogger status: Buffer overflow of look ahead buffer logger. Configured size: %1"
4000;971;"Activate pathSpeedLimiterForw not possible because kinematic <%1> not stopped or limiter not configured"
4000;972;"Deactivate pathSpeedLimiterForw not possible because kinematic <%1> not stopped"
4000;980;"unknown velocity"
4000;981;"unknown acceleration/torque"
4000;982;"velocity of drive %1"
4000;983;"acceleration of drive %1"
4000;984;"torque of drive %1"
4000;985;"cart. velocity"
4000;986;"cart. acceleration"
4000;987;"cart. orientation velocity"
4000;988;"cart. orientation acceleration"
4000;990;"%1 exceeds limits even if stopped on path at %2"
4000;991;"Acceleration of drive %2 exceeds limits even if stopped on path at %1"
4000;992;"Torque of drive %2 exceeds limits even if stopped on path at %1"
4000;993;"Acceleration of cartesian position exceeds limits even if stopped on path at %1"
4000;994;"Acceleration of cartesian orientation exceeds limits even if stopped on path at %1"
4000;7000;"Movements beyond limit switches forbidden"
4000;7001;"Joint %1: positive joint limit exceeded"
4000;7002;"Joint %1: negative joint limit exceeded"
4000;7003;"Position not reachable"
4000;7004;"Orientation not reachable"
4000;7005;"Position is singular"
4000;7006;"Position does not converge"
4000;7007;"Inverse transformation not feasible"
4000;9000;"Bad size in matrix constructor"
4000;9001;"No memory available in matrix constructor"
4000;9002;"No memory available in matrix constructor"
4000;9003;"Bad index in matrix access"
4000;9004;"Matrix assignment: not equally sized matrices"
4000;9005;"Matrix addition: not equally sized matrices"
4000;9006;"Matrix subtraction: not equally sized matrices"
4000;9007;"Matrix expression: not equally sized matrices"
4000;9008;"Multiplication of improperly sized vectors/matrices"
4000;9009;"Matrix transpose: non-square matrix"
4000;9010;"Matrix inverse: non quadratic or too big matrix"
4000;9011;"Matrix inverse: singular matrix"
4000;9900;"Line: %2 %1"
4000;9901;"Line: %2 %1"
4000;9902;"Critical error in file: %1 line: %2"
4000;9903;"Fatal error in file: %1 line: %2"
4000;9904;"Internal MCU error: object with ID %1 (%2) does not exist (%3)"
4000;9905;"Object with address %1 does not exist"
4000;9906;"Internal MCU message: file %1, line %2"
4000;9907;"Invalid pointer in module %1 line %2"
4000;9908;"Internal message: file %1, line %2"
4000;9909;"Invalid lock on data base object: %1 (ID %2)"
4000;9910;"Invalid unLock on data base object: %1 (ID %2)"
4000;9911;"Release of non-existing read-lock. Object: %1 (ID %2)"
4000;9912;"Release of non-existing write-lock. Object: %1 (ID %2)"
4000;9913;"Object already locked: %1 (ID %2)"
4000;9914;"Lock on non-existing data base object"
4000;9915;"UnLock on non-existing data base object"
4000;9950;"Internal message: %1"
4000;9951;"Trying to unregister at already released object (%1) ID %2 (%3)"
4000;9952;"Trying to unregister (%4) at invalid object (addr.obj2: %1, obj1: %2 %3)"
4000;9953;"Invalid object (Adr. %1) cannot be observed (%2)"
4000;9954;"Deleting object that is still used (%1) ID: %2"
4000;9955;"Cart. values of %1: %2 %3 %4 %5 %6 %7"
4000;9956;"Cart. values: %1 %2 %3 %4"
4000;9957;"%1: %2"
4000;9958;"Cart. values of %1 [ref: world]: %2 %3 %4 %5 %6 %7"
4000;9959;"Cart. values of %1 [ref: base of kin. %2]: %3 %4 %5 %6 %7 %8"
4000;9960;"StopDelay in Seg %1, Param %2 (Ln%3) detected (%4 updates)"
4000;9961;"%1: PCall '%2' failed (%3)."
4000;9962;"StopMiss in Seg %1, Param %2 (Ln%3) detected (Seg %4, Param %5)"
4000;9963;"StopUnreachable in Seg %1, Param %2 (Ln%3) detected (Seg %4, Param %5)"
4000;9964;"%1 needed %2 seconds at %3 (Limit is %4 seconds)"
4000;9965;"%8 Drive torque exceeds limit by %1 %%, base drive: %2; value: %3, limit: %4, motion command (%5) %6, parameter %7"
4000;9966;"%8 Drive torque exceeds limit by %1 %%, wrist drive: %2; value: %3, limit: %4, motion command (%5) %6, parameter %7"
4000;9967;"%8 Drive torque exceeds limit by %1 %%, aux drive: %2; value: %3, limit: %4, motion command (%5) %6, parameter %7"
4001;0;"No error pending"
4001;5;"File: '%1', Line: %2"
4001;10;"%1: Cannot open file: '%2' (%3)"
4001;13;"%1: Write to file error: '%2' (%3)"
4001;16;"%1: Read from file error: '%2' (%3)"
4001;20;"('%1') UOS-call '%2'('%3') failed"
4001;30;"MFB database full (number of elements: %1)"
4001;35;"'%1': Couldn't register object at update (cycleTime: %2 us)"
4001;40;"'%1': Invalid configuration"
4001;41;"'%1': Index too big: %2 (maximum: %3)"
4001;42;"'%1': Invalid value for '%2': %3"
4001;50;"'%1': init failed"
4001;51;"'%1': configuration not OK"
4001;55;"'%1': Mapping failed ('%2')"
4001;56;"%1: Endpoint '%2' already exists (%3)"
4001;57;"'%1': couldn't get cycletime for '%2' from IO-System"
4001;58;"'%1': invalid cycletime for '%2': %3"
4001;60;"'%1': Endpoint '%2' not found."
4001;61;"'%1': Servo '%2' already connected by '%3'."
4001;62;"'%1': cannot connect to servo '%2'."
4001;63;"%1: Servo '%2' in wrong position mode (%3, expected: %4)"
4001;64;"%1: Servo state word is not available (%2)"
4001;65;"'%1': cannot connect to encoder '%2'."
4001;90;"'%1': Maximum dynamic values would lead to exceeding maximum value of AxisMemSize (%2). Maximum Jerk (application) is increased to %3."
4001;100;"'%1': Invalid Reference/Handle ('%2': %3)"
4001;101;"'%1': Invalid instance number ('%2:%3')"
4001;102;"'%1': Command not allowed ('%2')"
4001;103;"'%1': Command buffer overflow (%2)"
4001;104;"'%1': Invalid command sequence"
4001;105;"Can not serve Request. Service is busy with a previous Request."
4001;106;"Can not free Object ('%1'). Object is used by %2 Observers."
4001;110;"'%1': Integer Over(Under-)flow ('%2': %3)"
4001;111;"'%1': Float Value is too big/small ('%2': %3)"
4001;119;"'%1': Invalid parameter ('%2': %3)"
4001;120;"'%1': Invalid value for velocity ('%2': %3)"
4001;121;"'%1': Invalid value for acceleration ('%2': %3)"
4001;122;"'%1': Invalid value for deceleration ('%2': %3)"
4001;123;"'%1': Invalid value for jerk ('%2': %3)"
4001;124;"'%1': Invalid value for position ('%2': %3)"
4001;125;"'%1': Invalid value for direction ('%2': %3)"
4001;126;"'%1': Invalid type ('%2': %3)"
4001;127;"'%1': Invalid time ('%2': %3 [us])"
4001;128;"'%1': Invalid denominator ('%2': %3)"
4001;150;"'%1': Velocity (%2) greater than maximum value (%3). Continue with maximum value."
4001;151;"'%1': Acceleration (%2) greater than maximum value (%3). Continue with maximum value."
4001;152;"'%1': Deceleration (%2) greater than maximum value (%3). Continue with maximum value."
4001;153;"'%1': Jerk (%2) greater than maximum value (%3). Continue with maximum value."
4001;156;"'%1': Deceleration (%2) smaller than minimum value (%3). Continue with maximum value."
4001;200;"'%1': axis error"
4001;201;"'%1': Can't execute command ('%2') due to actual axis state ('%3')."
4001;202;"'%1': Can't execute command because drive is not enabled."
4001;203;"'%1': Servo in Error-State"
4001;204;"'%1': Servo is no ready to switch on"
4001;205;"'%1': Encoder in Error-State"
4001;210;"'%1': Axis position out of software limits."
4001;211;"'%1': Axis is stopping due to software limits."
4001;220;"'%1': Cycle time (%2us) differs from cycle time of Master Axis ('%3': %4us)"
4001;221;"Declaring '%1' as a slave of '%2' would result in a ring."
4001;301;"'%1': DIGCAM (%2) in error state"
4001;302;"'%1': Parameterising is active"
4001;350;"Maximum number of cam tables reached (%1)"
4001;351;"Cam table '%1' has no version specified"
4001;352;"Cam table '%1' has invalid version %2"
4001;353;"Cam table '%1' has no date specified"
4001;354;"Cam table '%1' has invalid date specified %2"
4001;355;"Cam table '%1' has no keyword 'camtable:'"
4001;356;"Cam table '%1' has no keyword 'crc:'"
4001;357;"Cam table '%1' has no CRC checksum"
4001;358;"Cam table '%1' has invalid CRC checksum (%2)"
4001;359;"Cam table '%1' has no entry"
4001;360;"Cam table '%1' has invalid entry (%2)"
4001;361;"Cam table '%1' is not strictly monotonic (entry: %2)"
4001;900;"'%1': parameter number (%2) not supported"
4001;901;"'%1': Invalid type of parameter (%2)"
4001;902;"'%1': Parameter (%2) is read only"
4001;903;"'%1': Parameter (%2) is write only"
4001;904;"'%1': Parameter (%2) mustn't be changed while move is active. Continue with old value."
4001;905;"'%1': Write parameter aborted."
4001;906;"'%1': Parameter (%2) mustn't be changed while enabled."
4001;909;"'%1': Invalid value for parameter (%2: %3). Continue with old value."
4001;910;"'%1': Invalid value for maximum velocity (%2). Continue with old value."
4001;911;"'%1': Invalid value for maximum acceleration (%2). Continue with old value."
4001;912;"'%1': Invalid value for maximum deceleration (%2). Continue with old value."
4001;913;"'%1': Invalid value for max. Jerk (%2). Continue with old value."
4001;914;"'%1': Maximum acceleration (%2) would lead to exceeding maximum value of AxisMemSize. Continue with old value."
4001;915;"'%1': Maximum deceleration (%2) would lead to exceeding maximum value of AxisMemSize. Continue with old value."
4001;916;"'%1': Maximum jerk (%2) would lead to exceeding maximum value of AxisMemSize. Continue with old value."
4001;1000;"Invalid errornumber"
4050;90;"Could not start simulation process"
4050;91;"Could not establish RPC connection to simulation process"
4050;92;"RPC connection error"
4050;93;"RPC connection to simulation process has not been established"
4050;94;"Configuration file does not exist"
4050;100;"A robot named %1 was not found"
4050;101;"Could not initialize simulation instance for robot %1"
4050;102;"Simulation instance for robot %1 has not been initialized"
4050;103;"MCS simulation module has not been initialized"
4050;104;"Error system has not been initialized"
4050;110;"Initial position is not reachable by robot %1"
4050;111;"Initial position of robot %1 exceeds positive joint limit (joint %2)"
4050;112;"Initial position of robot %1 exceeds negative joint limit (joint %2)"
4050;113;"Mode of position is invalid (robot %1)"
4050;114;"Robot %1 could not execute motion %2"
4050;115;"Robot %1 is in error state and cannot execute motion %2"
4050;116;"Motion queue of robot %1 is full. Cannot append motion %2."
4050;117;"Could not read motion message for robot %1"
4050;118;"Could not read system message"
4050;120;"Frame number %2 is invalid (robot %1)"
4050;121;"Tool number %2 is invalid (robot %1)"
4050;122;"Dynamics number %2 is invalid (robot %1)"
4050;123;"Overlap number %2 is invalid (robot %1)"
4050;130;"Frame %2 is not defined (robot %1)"
4050;131;"Tool %2 is not defined (robot %1)"
4050;132;"Dynamics dataset %2 is not defined (robot %1)"
4050;133;"Overlap dataset %2 is not defined (robot %1)"
4050;140;"Invalid ramp type in dynamics dataset %2 (robot %1)"
4050;141;"Invalid overlap type in dynamics dataset %2 (robot %1)"
4050;142;"Invalid orientation interpolation type in motion %2 (robot %1)"
4050;143;"Invalid point type (robot %1)"
4050;144;"Invalid motion mode in motion %2 (robot %1)"
4700;1;"%1(%2,%3): internal parser error (unknown symbol) '%4'"
4700;2;"%1(%2,%3): internal parser error (terminal symbol)"
4700;3;"%1(%2,%3): internal parser error (nonterminal symbol)"
4700;4;"%1(%2,%3): internal parser error (stack underflow)"
4700;5;"%1(%2,%3): internal parser error (stack overflow)"
4700;6;"%1(%2,%3): internal scanner error"
4700;10;"%1(%2,%3): skipped '%4'"
4700;11;"%1(%2,%3): invalid symbol '%4'"
4700;12;"%1(%2,%3): expected '%4'"
4700;13;"%1(%2,%3): unexpected end of file"
4700;20;"%1 not found"
4700;21;"%1(%2,%3): include file '%4' not found"
4700;22;"%1(%2,%3): include depth overflow (max. 10)"
4700;23;"%1(%2,%3): entry '%4' exists, new value ignored"
4700;24;"%1(%2,%3): entry '%4' exists, overwritten"
4700;25;"%1(%2,%3): invalid int base (2#.., 16#..)"
4700;26;"%1(%2,%3): invalid int value"
4700;27;"%1(%2,%3): invalid real value"
4700;28;"%1(%2,%3): name '%4' too long (max. 31 characters)"
4700;29;"%1(%2,%3): entry '%4' already exists in file '%5'"
4700;30;"%1(%2,%3): Catalog entry '%4' doesn't exist"
4700;31;"%1(%2,%3): Path '%4' is too long"
4700;32;"%1(%2,%3): Incomplete catalog path '%4'"
5500;0;"No error pending"
5500;1;"ComponentDisabled"
5500;10;"%1: Cannot open file: '%2' (%3)"
5500;11;"%1: Write to file error: '%2'"
5500;12;"%1: Read from file error: '%2'"
6042;0;"%1(%2): Time: %3.%4:%5.%6 (%7) E_NO_ERROR"
6042;1;"%1(%2): Time: %3.%4:%5.%6 (%7) E_OVERCURRENT"
6042;2;"%1(%2): Time: %3.%4:%5.%6 (%7) E_UCE_ERROR"
6042;3;"%1(%2): Time: %3.%4:%5.%6 (%7) E_GROUND_FAULT"
6042;4;"%1(%2): Time: %3.%4:%5.%6 (%7) E_BRAKE_CHOPPER"
6042;5;"%1(%2): Time: %3.%4:%5.%6 (%7) E_HW_INFO_TIMEOUT"
6042;6;"%1(%2): Time: %3.%4:%5.%6 (%7) E_LINE_LOSS"
6042;7;"%1(%2): Time: %3.%4:%5.%6 (%7) E_DC_VOLTAGE_OFL"
6042;8;"%1(%2): Time: %3.%4:%5.%6 (%7) E_SPEED_CTRL"
6042;9;"%1(%2): Time: %3.%4:%5.%6 (%7) E_UNDEF"
6042;10;"%1(%2): Time: %3.%4:%5.%6 (%7) E_UNDEF"
6042;11;"%1(%2): Time: %3.%4:%5.%6 (%7) E_AM_TEMPERATURE_RISE"
6042;12;"%1(%2): Time: %3.%4:%5.%6 (%7) E_BRAKE_OUTPUT"
6042;13;"%1(%2): Time: %3.%4:%5.%6 (%7) E_VCC_BRAKE"
6042;14;"%1(%2): Time: %3.%4:%5.%6 (%7) E_RESOLVER"
6042;15;"%1(%2): Time: %3.%4:%5.%6 (%7) E_HIPERFACE_ENC_LOCKING"
6042;16;"%1(%2): Time: %3.%4:%5.%6 (%7) E_COMMISSIONING"
6042;17;"%1(%2): Time: %3.%4:%5.%6 (%7) E_CPU_ERROR"
6042;18;"%1(%2): Time: %3.%4:%5.%6 (%7) E_SOFTWARE"
6042;19;"%1(%2): Time: %3.%4:%5.%6 (%7) E_PROCESS_DATA"
6042;20;"%1(%2): Time: %3.%4:%5.%6 (%7) E_CAM_DRAG_DISTANCE"
6042;21;"%1(%2): Time: %3.%4:%5.%6 (%7) E_SYNC_CTRL_DRAG_DISTANCE"
6042;22;"%1(%2): Time: %3.%4:%5.%6 (%7) E_UNDEF"
6042;23;"%1(%2): Time: %3.%4:%5.%6 (%7) E_UNDEF"
6042;24;"%1(%2): Time: %3.%4:%5.%6 (%7) E_UNDEF"
6042;25;"%1(%2): Time: %3.%4:%5.%6 (%7) E_WRITE_NV_MEM"
6042;26;"%1(%2): Time: %3.%4:%5.%6 (%7) E_EXT_TRIP"
6042;27;"%1(%2): Time: %3.%4:%5.%6 (%7) E_HW_ENDSWITCH"
6042;28;"%1(%2): Time: %3.%4:%5.%6 (%7) E_FBUS_TIMEOUT"
6042;29;"%1(%2): Time: %3.%4:%5.%6 (%7) E_ENDSWITCH_CONTACT"
6042;30;"%1(%2): Time: %3.%4:%5.%6 (%7) E_DECCEL_TIMEOUT"
6042;31;"%1(%2): Time: %3.%4:%5.%6 (%7) E_TEMP_SENSOR_MOTOR"
6042;32;"%1(%2): Time: %3.%4:%5.%6 (%7) E_UNDEF"
6042;33;"%1(%2): Time: %3.%4:%5.%6 (%7) E_VM_BOOT_SYNC"
6042;34;"%1(%2): Time: %3.%4:%5.%6 (%7) E_UNDEF"
6042;35;"%1(%2): Time: %3.%4:%5.%6 (%7) E_UNDEF"
6042;36;"%1(%2): Time: %3.%4:%5.%6 (%7) E_EL_GEAR_DRAG_DISTANCE"
6042;37;"%1(%2): Time: %3.%4:%5.%6 (%7) E_SYS_WATCHDOG"
6042;38;"%1(%2): Time: %3.%4:%5.%6 (%7) E_TECHNOLOGY_FUNCTIONS"
6042;39;"%1(%2): Time: %3.%4:%5.%6 (%7) E_REFERENCING"
6042;40;"%1(%2): Time: %3.%4:%5.%6 (%7) E_OPT_BOOT_SYNCH"
6042;41;"%1(%2): Time: %3.%4:%5.%6 (%7) E_OPTION"
6042;42;"%1(%2): Time: %3.%4:%5.%6 (%7) E_DRAG_DISTANCE"
6042;43;"%1(%2): Time: %3.%4:%5.%6 (%7) E_REMOTE_TIMEOUT"
6042;44;"%1(%2): Time: %3.%4:%5.%6 (%7) E_IXT_CTRL"
6042;45;"%1(%2): Time: %3.%4:%5.%6 (%7) E_SYSTEM_INIT"
6042;46;"%1(%2): Time: %3.%4:%5.%6 (%7) E_UNDEF"
6042;47;"%1(%2): Time: %3.%4:%5.%6 (%7) E_TIMEOUT_CAN_1"
6042;48;"%1(%2): Time: %3.%4:%5.%6 (%7) E_UNDEF"
6042;49;"%1(%2): Time: %3.%4:%5.%6 (%7) E_UNDEF"
6042;50;"%1(%2): Time: %3.%4:%5.%6 (%7) E_POWER_FAILURE"
6042;51;"%1(%2): Time: %3.%4:%5.%6 (%7) E_SOFT_END_SWITCH"
6042;52;"%1(%2): Time: %3.%4:%5.%6 (%7) E_UNDEF"
6042;53;"%1(%2): Time: %3.%4:%5.%6 (%7) E_CRC"
6042;54;"%1(%2): Time: %3.%4:%5.%6 (%7) E_UNDEF"
6042;55;"%1(%2): Time: %3.%4:%5.%6 (%7) E_FPGA_CONFIGURATION"
6042;56;"%1(%2): Time: %3.%4:%5.%6 (%7) E_MEM_CHK"
6042;57;"%1(%2): Time: %3.%4:%5.%6 (%7) E_TTL_ENCODER"
6042;58;"%1(%2): Time: %3.%4:%5.%6 (%7) E_SINCOS_ENCODER"
6042;59;"%1(%2): Time: %3.%4:%5.%6 (%7) E_HIPERFACE_ENC_WAITING"
6042;60;"%1(%2): Time: %3.%4:%5.%6 (%7) E_DSP_FLASH_LOADER"
6042;61;"%1(%2): Time: %3.%4:%5.%6 (%7) E_UNDEF"
6042;62;"%1(%2): Time: %3.%4:%5.%6 (%7) E_UNDEF"
6042;63;"%1(%2): Time: %3.%4:%5.%6 (%7) E_UNDEF"
6042;64;"%1(%2): Time: %3.%4:%5.%6 (%7) E_UNDEF"
6042;65;"%1(%2): Time: %3.%4:%5.%6 (%7) E_UNDEF"
6042;66;"%1(%2): Time: %3.%4:%5.%6 (%7) E_PROCESSDATA_COMMISSIONING"
6042;67;"%1(%2): Time: %3.%4:%5.%6 (%7) E_PDO_TIMEOUT"
6042;68;"%1(%2): Time: %3.%4:%5.%6 (%7) E_EXTERNAL_SYNC"
6042;69;"%1(%2): Time: %3.%4:%5.%6 (%7) E_MOTORTEMP_WARN"
6042;70;"%1(%2): Time: %3.%4:%5.%6 (%7) E_ERROR_CTRL_WORD_0"
6042;71;"%1(%2): Time: %3.%4:%5.%6 (%7) E_ERROR_CTRL_WORD_1"
6042;72;"%1(%2): Time: %3.%4:%5.%6 (%7) E_ERROR_CTRL_WORD_2"
6042;73;"%1(%2): Time: %3.%4:%5.%6 (%7) E_ERROR_CTRL_WORD_3"
6042;74;"%1(%2): Time: %3.%4:%5.%6 (%7) E_ERROR_CTRL_WORD_4"
6042;75;"%1(%2): Time: %3.%4:%5.%6 (%7) E_ERROR_CTRL_WORD_5"
6042;76;"%1(%2): Time: %3.%4:%5.%6 (%7) E_I_OPTION_76"
6042;77;"%1(%2): Time: %3.%4:%5.%6 (%7) E_UNDEF"
6042;78;"%1(%2): Time: %3.%4:%5.%6 (%7) E_UNDEF"
6042;79;"%1(%2): Time: %3.%4:%5.%6 (%7) E_UNDEF"
6042;80;"%1(%2): Time: %3.%4:%5.%6 (%7) E_UNDEF"
6042;81;"%1(%2): Time: %3.%4:%5.%6 (%7) E_VM_DC_CURR_OFL"
6042;82;"%1(%2): Time: %3.%4:%5.%6 (%7) E_VM_IXT_PREMON"
6042;83;"%1(%2): Time: %3.%4:%5.%6 (%7) E_VM_IXT_OFL"
6042;84;"%1(%2): Time: %3.%4:%5.%6 (%7) E_VM_BRC"
6042;85;"%1(%2): Time: %3.%4:%5.%6 (%7) E_VM_TEMP_PREMON"
6042;86;"%1(%2): Time: %3.%4:%5.%6 (%7) E_VM_TEMP_OFL"
6042;87;"%1(%2): Time: %3.%4:%5.%6 (%7) E_VM_IXT_RESIST_PREMON"
6042;88;"%1(%2): Time: %3.%4:%5.%6 (%7) E_VM_IXT_RESIST_OFL"
6042;89;"%1(%2): Time: %3.%4:%5.%6 (%7) E_RESERVED_89"
6042;90;"%1(%2): Time: %3.%4:%5.%6 (%7) E_RESERVED_90"
6042;91;"%1(%2): Time: %3.%4:%5.%6 (%7) E_RESERVED_91"
6042;92;"%1(%2): Time: %3.%4:%5.%6 (%7) E_UNDEF"
6042;93;"%1(%2): Time: %3.%4:%5.%6 (%7) E_UNDEF"
6042;94;"%1(%2): Time: %3.%4:%5.%6 (%7) E_CONFIG_ERROR"
6042;95;"%1(%2): Time: %3.%4:%5.%6 (%7) E_UNDEF"
6042;96;"%1(%2): Time: %3.%4:%5.%6 (%7) E_UNDEF"
6042;97;"%1(%2): Time: %3.%4:%5.%6 (%7) E_COPY"
6042;98;"%1(%2): Time: %3.%4:%5.%6 (%7) E_UNDEF"
6042;99;"%1(%2): Time: %3.%4:%5.%6 (%7) E_UNDEF"
6042;200;"%1 Wrong Cycletime (%2 ms)"
6042;201;"%1 Parameter Transfer not possible, %2"
6042;203;"%1: Error ReceivePdo: PdoNr:%2 ErrNr:%3"
6042;204;"%1: Error TransmitPdo (PdoNr.%2)"
6042;205;"%1: Error Pdo-Handle (PdoNr.%2)"
6042;209;"%1 The number of the at most permissible axes is crossed"
6042;210;"%1 Missing Config Parameter '%2'"
6042;212;"%1 MvlRequest(%2), Error: %3"
6042;214;"%1 MvlResponse(%2), Error:%3"
6042;216;"%1: Error ActValPdo Access: PdoNr:%2 ErrNr:%3"
6042;217;"%1: VarData Memory Overflow"
6042;218;"%1 Mvl FwUpdate-Resp. Err:%2,%3"
6042;219;"%1: Reboot-Timeout: %2"
6042;220;"%1 Mvl FwUpdate-Request(%2), Error: %3"
6042;221;"%1 Mvl VarDataLock, Error: %2"
6042;222;"%1 Mvl VarDataUnLock, Error: %2"
6042;223;"%1 Unknown VarDataAccess"
6042;224;"%1 FwUpdate returns Errorstate:%2"
6042;225;"%1 Invalid Pointer into Error-Table(%2)"
6042;250;"%1 Value SetPosition Over(Under)-Flow (%2)"
6042;252;"%1 Missing or invalid PositionMode, use Incremental Encoder"
6042;253;"%1 (MovAxi) Missing or invalid OpMode"
6042;259;"AXIS #%1 invalid ProcessServerState"
6042;261;"%1 SetValue Over(Under)-Flow (%2)"
6042;263;"%1 Invalid SetValMode:(%2)"
6042;264;"%1: Mailbox Overflow (%2)"
6042;265;"%1: invalid VarData ProcessState"
6042;267;"Component is disabled"
6042;300;"%1 (MOVIDRIVE) Missing or invalid Parameter NodeAddress"
6042;302;"%1 (MOVIDRIVE) Invalid S-Bus-Address (%2)"
6042;303;"%1 (MOVIDRIVE) Invalid I-Pos Version (%2)"
6042;304;"%1 (MOVIDRIVE) Wrong CAN-Bus Cycletime (%2 ms)"
6042;305;"%1 (MOVIDRIVE) Logical Address (%2) already uses"
6042;306;"%1 (MOVIDRIVE) Parameter Transfer not possibly (no Param-Slot availably)"
6042;307;"%1 Undefined VarDataAccess"
6042;308;"%1 Mvl VarDataLock, Error: %2"
6042;309;"%1 Mvl VarDataUnLock, Error: %2"
6042;350;"%1 (MOVIDRIVE) Missing or invalid Parameter PosUnitsToIncrements, use %2"
6042;352;"%1 (MOVIDRIVE) Missing or invalid Parameter OperatingMode"
6042;353;"%1 (MOVIDRIVE) SINT32 Over(Under)-Flow (%2 ms)"
6042;354;"%1 (MOVIDRIVE) Cycle Telegramm got lost (%2)"
6042;355;"%1 (MOVIDRIVE) Failure of cyclic telegramm (%2)"
6042;356;"%1 (MOVIDRIVE) Readybit lost (%2)"
6042;357;"%1 (MOVIDRIVE) Positive limit Switch reaches (%2)"
6042;358;"%1 (MOVIDRIVE) Negative limit Switch reaches (%2)"
6042;359;"%1 (MOVIDRIVE) Timeout with Reset, answers no CAN messages (%2)"
6042;360;"%1 (MOVIDRIVE) Time-Out with Boot, did not become ready for use (%2)"
6042;362;"%1 (MOVIDRIVE) The Bit Outputstage-released was taken back (%2)"
6042;363;"%1 (MOVIDRIVE) Invalid SCom-ObjektId (%2)"
6042;364;"%1 (MOVIDRIVE) Invalid SCom-symCode (%2)"
6042;365;"%1 (MOVIDRIVE) Invalid SCom-Typ (%2)"
6042;366;"%1 (MOVIDRIVE) Invalid Size SCom-Object (%2)"
6042;368;"%1: Single-Transfer-Error Param-Set-%2 (inx %3, class %4 addCode %5)"
6042;369;"%1: State Param-Set-Write: nr=%2, wr=%3, err-high=%4, err-low=%5"
6042;370;"%1: State Param-Set-Read: nr=%2, rd=%3, err-high=%4, err-low=%5"
6042;371;"%1 (MOVIDRIVE) Error-Telegramm im the Silentmode (errCode:%2)"
6042;500;"%1: UOS-call '%2'('%3') failed"
6042;501;" %1: State Param-Set-Write: nr=%2, wr=%3, err-high=%4, err-low=%5"
6042;502;"%1: State Param-Set-Read: nr=%2, rd=%3, err-high=%4, err-low=%5"
6057;109;"Component Drv_HilscherCif is disabled by configuration"
6058;100;"%1: Transaction failed (%2)"
6058;101;"%1: Clear engineering data failed with error %2"
6058;102;"%1: Command %2 failed with error %3"
6058;103;"%1: Memory allocation failed in %2"
6058;104;"%1: File '%2' not found"
6058;105;"%1: File '%2' corrupt"
6058;106;"%1: Error while reading file '%2'"
6058;107;"%1: Device error while downloading file '%2'"
6059;101;"%1: Slave address out of range. Configured: %2, Valid: [%3..%4]"
6059;102;"%1: Input data length out of range. Configured: %2 bytes, Valid: [%3..%4] bytes"
6059;103;"%1: Output data length out of range. Configured: %2 bytes, Valid: [%3..%4] bytes"
6059;104;"%1: Sum of input and output data length out of range. Configured %2 bytes, Valid: [%3..%4] bytes"
6059;105;"%1: Watchdog time out of range. Configured: %2ms, Valid: [%3..%4ms]"
6059;106;"%1: DP V1 Class1 bufferlen out of range. Configured: %2 bytes, Valid: 0,[4..244] bytes"
6059;107;"%1: DP V1 Class2 bufferlen out of range. Configured: %2 bytes, Valid: 0,[4..244] bytes"
6059;108;"%1: Length of external diagnosis data out of range. Configured: %2, Valid: [0..32]"
6059;109;"%1: Command %2 failed with error %3"
6059;110;"%1: Cannot set external diagnosis data"
6059;111;"%1: Cannot reset external diagnosis data"
6059;112;"%1: Card error %2-%3 occured"
6059;113;"Driver for FX760(A) is disabled by configuration"
6059;114;"%1: Initialization failed"
6062;1;"cannot store entry to protocol"
6062;2;"could not write message-queue for protocol with type %1"
6062;3;"protocolqueue for protocol %1 is full"
6062;4;"error adding protocol %1 to protocol manager"
6062;5;"cannot create file %1"
6062;6;"cannot write to file %1, handle %2, elementsize %3, elementcount %4"
6062;7;"no memory available in %1"
6062;8;"cannot read from file %1, handle %2, elementsize %3, elementcount %4"
6062;9;"cannot flush file %1"
6062;10;"cannot access file %1, handle %2, filepos %3"
6062;11;"cannot load entry for protocol with type %1"
6062;12;"cannot store message to buffer %1 because of overflow"
6062;13;"cannot find an index storage, no indexvalue available"
6062;14;"Syntaxerror in .csv-file %1 an position %2"
6062;15;"There are too many open snapshots"
6065;3600;"%1: Driver function ('%2') returned negative result code"
6065;3601;"%1: Invalid length of input data. Configured: %3 bytes; Available from master: %2 bytes"
6065;3602;"%1: More input data available from master than configured. Configured: %3 bytes; Available from master %2 bytes"
6065;3603;"%1: Invalid length of output data. Configured: %3 bytes; Expected by master: %2 bytes"
6065;3604;"%1: More output data configured than expected by master. Configured: %3 bytes; Expected by master %2 bytes"
6065;3605;"%1: Device failure"
6065;3606;"%1: Watchdog expiry detected by device"
6065;3607;"%1: Watchdog expiry detected by host"
6065;3610;"%1: Update failed"
6065;3620;"%1: Parameter data received from master"
6065;3621;"%1: Configuration received from master"
6065;3624;"%1: Unknown event '%2' signaled by device driver"
6070;1;"%1/%2/%3, %4: Out of memory"
6070;10;"%1, MsgId %2: Send failed"
6070;11;"%1, MsgId %2: Receive failed"
6070;12;"%1: Receive Fifo overflow"
6070;13;"%1, MsgId %2: Data overrun"
6070;14;"%1: Receive Message-Queue overflow"
6071;1;"Register SvcComm[%1] Service[%2] '%3' failed"
6071;2;"Unregister SvcComm[%1] Service[%2] '%3' failed"
6071;3;"Device reset command received"
6071;4;"Directory to share (%1) does not exist"
6071;5;"Failure in path or filename (%1)"
6099;1;"Uos call %1 failed: %2"
6099;2;"Initialization of %1 failed"
6099;3;"SMemAd-configuration entry %1 missing."
6099;4;"SMemAd-backup-file %1 cannot be created."
6099;5;"SMemAd-backup-file %1 cannot be opened or written."
6099;10;"SMemAd-backup-file %1 damaged (Code %2). Cold reset started automatically."
6099;20;"FinishedCreateSystem"
6116;1;"device %1 not opended (%2)"
6116;2;"device %1 is already opened"
6116;3;"%1 (value %2) is not supported"
6116;4;"%1: cannot set fast accessMode"
6116;5;"%1: Open failed."
6135;1;"%1: Assertion Failed: %2"
6135;2;"%1: Component is disabled."
6135;3;"%1: Component is already initialised."
6135;4;"%1/%2: Out of memory (%3)."
6135;5;"%1/%2: UosCall '%3(%4)' failed."
6135;100;"%1: DrvCall '%2(%3)' failed"
6135;102;"%1.AI:%2: Sensor fault"
6135;103;"%1.AI:%2: No error: Sensor fault"
6135;104;"%1: EEPROM error (calib data missing)"
6135;105;"%1: enabled interrupt failed"
6135;106;"%1: Reference: Sensor fault"
6135;107;"%1: Reference: No error: Sensor fault"
6135;110;"%1.TI:%2: Sensor fault"
6135;111;"%1.TI:%2: No error: Sensor fault"
6135;112;"%1: Watchdog reset"
6135;113;"%1: Systick time violation"
6135;114;"%1: System error"
6159;100;"%1: Driver function ('%2') returned negative result"
6159;102;"%1: Watchdog of PROFIBUS master device expired"
6159;103;"%1: Slave address %2 already used by %3"
6159;104;"%1: Module in slot %2 already configured"
6159;105;"%1: No module in slot %2 found in engineering data"
6159;106;"%1: Invalid slot number: %2 (valid: 0 .. 127)"
6159;107;"%1: Invalid length of %2 data: configured: %3 bytes, found in egineering data: %4 bytes"
6159;108;"%1: Slave not found in engineering data"
6159;110;"%1: Update failed"
6159;210;"%1: %3 alignment of module in slot %2 is invalid"
6159;212;"%1: Type %3 configured for %2 data but type %4 found in engineering data"
6159;220;"%1: Diagnosis data from slave with address %2"
6159;221;"%1: Slave with address %2 %3"
6159;222;"%1: Invalid length of %2 data of module %3: configured: %4 bytes, found in egineering data: %5 bytes"
6159;223;"%1: Ident byte #%2 does not match configuration of module %3"
6159;224;"%1: The last %2 ident bytes do not belong to any module."
6159;225;"%1: Missing ident bytes in engineering data"
6159;226;"%1: Configuration data for module %2 is missing."
6159;227;"%1: Alarm from slave with address %2 (alarm type = %3, sequence number = %4)"
6182;1;"%1: Assertion Failed: %2"
6182;2;"%1: Component is disabled."
6182;3;"%1: Component is already initialised."
6182;4;"%1/%2: Out of memory (%3)."
6182;5;"%1/%2: UosCall '%3(%4)' failed."
6182;6;"%1: Client manager shut down deleted client '%2'."
6183;1;"%1: Assertion failed: %2"
6183;2;"%1: Component is disabled."
6183;3;"%1: Component is already initialised."
6183;4;"%1/%2: Out of memory (%3)."
6183;5;"%1/%2: UosCall '%3(%4)' failed."
6183;6;"%1: Register new Transport Interface failed (allowed %2)."
6183;7;"%1: Register MsgId %2 for S%3 C%4 failed."
6195;1;"device %1 not opended (%2)"
6195;2;"device %1 is already opened"
6195;3;"%1 (value %2) is not supported"
6195;4;"Communication error %1 occured during %2"
6200;1;"Sys7Srv: System700Server is not connected"
6200;2;"Sys7Srv: Hardware-monitor break down"
6200;3;"Sys7Srv: '%1' is within limits"
6200;4;"Sys7Srv: Fan error ('%1' Value: %2 Limit %3)"
6200;5;"Sys7Srv: Fan failure ('%1' Value: %2 Limit %3)"
6200;6;"Sys7Srv: Fan failure removed '%1'"
6200;7;"Sys7Srv: Temperature is above switch off limit ('%1' Value: %2 Limit %3)"
6200;8;"Sys7Srv: Temperature is above warning limit ('%1' Value: %2 Limit %3)"
6200;9;"Sys7Srv: Temperature over limit removed '%1'"
6200;10;"Sys7Srv: Voltage error ('%1' Value: %2 Limit %3)"
6200;11;"Sys7Srv: Voltage failure ('%1' Value: %2 Limit %3)"
6200;12;"Sys7Srv: Voltage failure removed '%1'"
6200;13;"Sys7Srv: '%1' (Value %2%3): general exeption"
6200;14;"Sys7Srv: '%1' (Value %2%3): general exeption"
6200;15;"Sys7Srv: '%1' - invalid Status (Value %2)"
6200;16;"Sys7Srv: '%1' - invalid Status (Value %2)"
6200;17;"Sys7Srv: PowerManagement - Time for shutdown-procedure is longer then max. critical time"
6200;18;"Sys7Srv: PowerManagement - Max. on battery time is longer then max. akku lifetime"
6200;19;"Sys7Srv: PowerManagement - No powersupply, system runs on battery"
6200;20;"Sys7Srv: PowerManagement - No akku connected"
6200;21;"Sys7Srv: PowerManagement - Temperature-error occured on powersupply"
6200;22;"Sys7Srv: PowerManagement - Fan-error occured on powersupply"
6200;23;"Sys7Srv: PowerManagement - The ups-accu should be changed"
6200;24;"Sys7Srv: PowerManagement - connection to powersupply or ups lost"
6200;25;"Sys7Srv: PowerManagement - TimeBeforeShutdown to short to run command files"
6200;26;"Sys7Srv: PowerManagement - Powersupply is on again"
6200;27;"Sys7Srv: System-restart initiated!"
6200;28;"Sys7Srv: PC-reboot initiated!"
6200;29;"Sys7Srv: System700Server is connected"
6200;30;"Sys7Srv: Motherboard-Monitor is connected"
6200;31;"Sys7Srv: PowerManagement - powersupply and/or ups connected"
6200;32;"Sys7Srv: %1 - Minimum errorlevel is above minimum warninglevel"
6200;33;"Sys7Srv: %1 - Minimum errorlevel cannot be found"
6200;34;"Sys7Srv: %1 - Maximum errorlevel is below maximum warninglevel"
6200;35;"Sys7Srv: %1 - Maximum errorlevel cannot be found"
6200;36;"Sys7Srv: %1 - Warning-timelimit cannot be found"
6200;37;"Sys7Srv: %1 - Minimum warninglevel cannot be found"
6200;38;"Sys7Srv: %1 - Maximum warninglevel cannot be found"
6200;39;"Sys7Srv: PowerManagement - accu is connected to the powersupply"
6200;40;"Sys7Srv: PowerManagement - accu is changed and ok again"
6200;41;"Sys7Srv: PowerManagement - fan on powersupply is ok again"
6200;42;"Sys7Srv: PowerManagement - temperature on powersupply is ok again"
6220;1;"cannot listen to TCP port %1"
6242;1;"IRT User0 (part %1): stringI: %2, ParamI(h): %3, ParamI(l): %4, ParamII(h): %5, ParamII(l): %6"
6242;2;"IRT User0 (part %1): stringII: %2, ParamIII(h): %3, ParamIII(l): %4, ParamIV(h): %5, ParamIV(l): %6"
6242;3;"IRT User0 (part %1): format: %2"
6242;4;"General problem in IecSAlgo: %1 %2 %3"
6242;5;"KMEM: Cannot allocate specified amount of bytes (%1 bytes)"
6242;6;"KMEM: Warning: IEC.Memory not configured ==> no memory reserved for dynamic elements. Heap memory will be used!"
6245;1;"Component is disabled"
6245;2;"Function SendCmd failed"
6245;3;"no %1 function available"
6245;4;"Undefined system state %1"
6245;5;"Undefined system action identifier %1"
6245;6;"Can not change systemstate: %1"
6245;7;"Application activated"
6245;8;"Application stopped"
6245;9;"Can not change systemstate: %1, errorcode %2"
6252;1;"%1: Invalid reference sensor (current useExternRef = %2)"
6252;2;"%1: No error: Invalid reference sensor (current useExternRef = %2)"
6252;3;"%1: Reference: Sensor failure"
6252;4;"%1: Reference: Sensor failure cleared"
6252;5;"%1: kbus system error"
6252;6;"%1: kbus cycle time error"
6252;7;"%1: too many modules configured (maximum %2)"
6252;8;"%1: system error on analog modules detected"
6252;9;"%1: Error in configuration of analoge inputs "
6252;10;"%1: Error in configuration of analoge outputs "
6252;11;"%1: KBus power down active"
6252;12;"%1: KBus down active"
6252;13;"%1: too many modules on KBus"
6252;14;"%1: KBus master abort"
6252;15;"%1: pdo-data overflow"
6252;16;"%1: Module removed under operation"
6252;17;"%1: SERR-line active"
6252;18;"%1: unknown module on kbus"
6252;19;"%1: Temperature Sensor type L not supported by device"
6252;20;"%1: KBus device address conflict, module type = %2, module address = %3"
6280;1;"%1: rxpdo %2 no cyclic data received"
6280;2;"%1: too much interrupts configured, ignored: '%2'"
6280;3;"%1: too much different %2-reductions configured, ignore"
6280;4;"%1: maximum number of %2pdo's (%3) exceeded"
6280;5;"%1: %2. Error Code: 0x%3"
6280;6;"%1: update reduction of %2pdo too big (%3, max %4)"
6281;1;"%1: too much comm-interfaces (%2) demanded"
6281;2;"%1: init comm-interface %2 failed (insize %3, outsize %4)"
6281;3;"%1: comm-interface %2 already used (%3)"
6281;4;"%1: length of indata (%2) differs from cfg (%3)"
6281;5;"%1: length of outdata (%2) differs from cfg (%3)"
6286;1;"%1: Assertion failed: %2"
6286;2;"%1: Component is disabled."
6286;3;"%1: Component is already initialised."
6286;4;"%1/%2: Out of memory (%3)."
6286;5;"%1/%2: UosCall '%3(%4)' failed."
6294;1;"%1: Component is disabled."
6294;2;"%1: Component is already initialised."
6338;1;"Write to file handle %1, file name %2 failed, disk full"
6338;2;"Duplicate IP address detected: IP: %1 name: %2 macID: %3"
6338;3;"Invalid Net-Configuration-Parameter: %1"
6338;4;"memory not available for disk %1, size: %2 Mb"
6338;5;"creation failure of disk %1, size: %2 Mb"
6338;6;"Error Create SMemAdInstance ErrCode: %1"
6338;7;"cannot create FastRetain-Object"
6338;8;"error initializing fast retain memory - (errorcode %1 %2)"
6338;9;"error reading cfg-File %1"
6338;10;"error: mandatory entry %1 is not configured"
6338;11;"System started with NEW Systemfile-SetUp"
6338;12;"System started with OLD Systemfile-SetUp"
6338;13;"Not all mandatory Entries configured - check general.cfg"
6338;14;"Initialization of %1 failed"
6338;15;"SMemAd-backup-file %1 damaged (Code %2). Cold reset started automatically."
6338;16;"SMemAd-backup-file %1 cannot be created."
6338;17;"SMemAd-backup-file %1 cannot be opened or written."
6338;18;"firmwareVersion is configured, that is not allowed"
6338;19;"Error at reading general.cfg"
6338;20;"Error open sio %1 for logger output"
6338;21;"Error: system.cfg or general.cfg must defined"
6338;22;"system is started in debug mode 0x%1"
6338;23;"Error while creating the System messageclass"
6338;100;"SystemTime changed: oldTime.sec: %1, oldTime.usec: %2, newTime.sec: %3, newTime.usec: %4"
6338;102;"SystemStop: sec: %1, usec: %2"
6338;103;"SystemStart with: %1 at Starttime: sec: %2, usec: %3"
6338;104;"KNetBusreset: watchdog %1, funcCall: %2, external: %3, busbreak: %4, busbreak1: %5"
6338;105;"SystemCfInsert: CPU-ID %1, deviceName: %2, vendor: %3, model: %4, serial: %5"
6338;106;"SystemCfRemove: CPU-ID %1, deviceName: %2, vendor: %3, model: %4, serial: %5"
6338;107;"SystemCfDetect: CPU-ID %1, deviceName: %2, vendor: %3, model: %4, serial: %5"
6338;108;"CPU temperature too high (%1 C)"
6338;109;"Read Configuration File: %1"
6338;110;"CMOS battery voltage is low - replace battery"
6338;111;"No CMOS battery voltage - replace battery"
6338;112;"CPU fan is not working - replace fan"
6338;113;"CPU fan speed low - replace fan"
6338;114;"Mount drive %1 successfull"
6338;115;"Mount printer %2 failed -> problem: %1!"
6338;116;"Mount drive %1 failed -> state %2 (Smb: %3,%4)"
6338;117;"Dismount drive %1"
6338;118;"Smb: Server not ready to 'Add Shares'"
6338;119;"Smb: AddShare: %1 <- %2, userlevel=%3, ret=%4"
6338;120;"ramdisk: %1 - %2 (%3)"
6338;121;"warmstart failed (%1)"
6338;122;"CPU: %1 - SystemException: %2"
6338;123;"CPU: %1 - SystemAssertion in line %2 in modul %3"
6338;124;"configuration entry 'rootPath' isn't allowed: defaultpath '%1' used"
6338;125;"configured entry 'System.applPath' ignored: defaultpath '%1' is used"
6338;126;"Not allowed to link up two Hubs without powersupply"
6338;127;"Usb device power consumption too high"
6338;128;"Too many Usb-Hubs connected"
6338;129;"SRamAd Memory initialized by <%1>"
6338;130;"Hardware licence not found"
6338;131;"Hardware licence scheme not supported."
6338;132;"Hardware licence update failed."
6338;133;"The portmap service couldn't be started."
6338;134;"System FPGA too old"
6338;135;"CPU temperature is above switch off limit. (%1 C)"
6338;136;"Unable to change Keyboard Layout"
6338;137;"CPU temperature in the normal range again"
6338;138;"CPU temperature is under switch off limit again"
6338;139;"fan works normally"
6338;140;"no access to applPath: %1"
6338;141;"loading kvb-file failed."
6338;142;"CPU: %1 - SystemAssertion in line %2 in modul %3"
6338;143;"CPU: %1 - SystemException: %2"
6632;1;"Another application is already connected to the board number %1."
